Log file open, 07/27/19 14:40:39
LogWindows: Failed to load 'aqProf.dll' (GetLastError=126)
LogWindows: File 'aqProf.dll' does not exist
LogWindows: Failed to load 'VtuneApi.dll' (GetLastError=126)
LogWindows: File 'VtuneApi.dll' does not exist
LogWindows: Failed to load 'VtuneApi32e.dll' (GetLastError=126)
LogWindows: File 'VtuneApi32e.dll' does not exist
LogConsoleResponse: Display: Failed to find resolution value strings in scalability ini. Falling back to default.
LogInit: Display: Running engine for game: UE4_Beginner
LogPakFile: Registered encryption key '00000000000000000000000000000000': 0 pak files mounted, 0 remain pending
LogPlatformFile: Not using cached read wrapper
LogTaskGraph: Started task graph with 5 named threads and 11 total threads with 3 sets of task threads.
LogStats: Stats thread started at 0.170123
LogD3D11RHI: Loaded GFSDK_Aftermath_Lib.x64.dll
LogICUInternationalization: ICU TimeZone Detection - Raw Offset: +5:30, Platform Override: ''
LogPluginManager: Mounting plugin Paper2D
LogPluginManager: Mounting plugin AISupport
LogPluginManager: Mounting plugin LightPropagationVolume
LogPluginManager: Mounting plugin ActorLayerUtilities
LogPluginManager: Mounting plugin CLionSourceCodeAccess
LogPluginManager: Mounting plugin CodeLiteSourceCodeAccess
LogPluginManager: Mounting plugin GitSourceControl
LogPluginManager: Mounting plugin KDevelopSourceCodeAccess
LogPluginManager: Mounting plugin NullSourceCodeAccess
LogPluginManager: Mounting plugin PerforceSourceControl
LogPluginManager: Mounting plugin SubversionSourceControl
LogPluginManager: Mounting plugin UObjectPlugin
LogPluginManager: Mounting plugin VisualStudioCodeSourceCodeAccess
LogPluginManager: Mounting plugin VisualStudioSourceCodeAccess
LogPluginManager: Mounting plugin XCodeSourceCodeAccess
LogPluginManager: Mounting plugin AssetManagerEditor
LogPluginManager: Mounting plugin CryptoKeys
LogPluginManager: Mounting plugin DataValidation
LogPluginManager: Mounting plugin FacialAnimation
LogPluginManager: Mounting plugin GameplayTagsEditor
LogPluginManager: Mounting plugin MacGraphicsSwitching
LogPluginManager: Mounting plugin MeshEditor
LogPluginManager: Mounting plugin MobileLauncherProfileWizard
LogPluginManager: Mounting plugin PluginBrowser
LogPluginManager: Mounting plugin SpeedTreeImporter
LogPluginManager: Mounting plugin DatasmithContent
LogPluginManager: Mounting plugin VariantManagerContent
LogPluginManager: Mounting plugin AlembicImporter
LogPluginManager: Mounting plugin AppleImageUtils
LogPluginManager: Mounting plugin AppleVision
LogPluginManager: Mounting plugin BackChannel
LogPluginManager: Mounting plugin CharacterAI
LogPluginManager: Mounting plugin GeometryCache
LogPluginManager: Mounting plugin HTML5Networking
LogPluginManager: Mounting plugin ProxyLODPlugin
LogPluginManager: Mounting plugin MagicLeap
LogPluginManager: Mounting plugin MagicLeapMedia
LogPluginManager: Mounting plugin AndroidMedia
LogPluginManager: Mounting plugin AvfMedia
LogPluginManager: Mounting plugin ImgMedia
LogPluginManager: Mounting plugin LinearTimecode
LogPluginManager: Mounting plugin MediaCompositing
LogPluginManager: Mounting plugin MediaPlayerEditor
LogPluginManager: Mounting plugin WebMMedia
LogPluginManager: Mounting plugin WmfMedia
LogPluginManager: Mounting plugin TcpMessaging
LogPluginManager: Mounting plugin UdpMessaging
LogPluginManager: Mounting plugin ActorSequence
LogPluginManager: Mounting plugin LevelSequenceEditor
LogPluginManager: Mounting plugin MatineeToLevelSequence
LogPluginManager: Mounting plugin NetcodeUnitTest
LogPluginManager: Mounting plugin NUTUnrealEngine4
LogPluginManager: Mounting plugin OnlineSubsystemGooglePlay
LogPluginManager: Mounting plugin OnlineSubsystemIOS
LogPluginManager: Mounting plugin OnlineSubsystem
LogPluginManager: Mounting plugin OnlineSubsystemNull
LogPluginManager: Mounting plugin OnlineSubsystemUtils
LogPluginManager: Mounting plugin LauncherChunkInstaller
LogPluginManager: Mounting plugin AndroidDeviceProfileSelector
LogPluginManager: Mounting plugin AndroidMoviePlayer
LogPluginManager: Mounting plugin AndroidPermission
LogPluginManager: Mounting plugin AppleMoviePlayer
LogPluginManager: Mounting plugin ArchVisCharacter
LogPluginManager: Mounting plugin AudioCapture
LogPluginManager: Mounting plugin CableComponent
LogPluginManager: Mounting plugin CustomMeshComponent
LogPluginManager: Mounting plugin EditableMesh
LogPluginManager: Mounting plugin ExampleDeviceProfileSelector
LogPluginManager: Mounting plugin Firebase
LogPluginManager: Mounting plugin GoogleCloudMessaging
LogPluginManager: Mounting plugin IOSDeviceProfileSelector
LogPluginManager: Mounting plugin LinuxDeviceProfileSelector
LogPluginManager: Mounting plugin LocationServicesBPLibrary
LogPluginManager: Mounting plugin MobilePatchingUtils
LogPluginManager: Mounting plugin OculusVR
LogPluginManager: Mounting plugin PhysXVehicles
LogPluginManager: Mounting plugin ProceduralMeshComponent
LogPluginManager: Mounting plugin RuntimePhysXCooking
LogPluginManager: Mounting plugin SteamVR
LogPluginManager: Mounting plugin WebMMoviePlayer
LogPluginManager: Mounting plugin WindowsMoviePlayer
LogStreaming: Display: Took  0.091s to configure plugins.
LogInit: Using libcurl 7.55.1-DEV
LogInit:  - built for x86_64-pc-win32
LogInit:  - supports SSL with OpenSSL/1.0.2h
LogInit:  - supports HTTP deflate (compression) using libz 1.2.8
LogInit:  - other features:
LogInit:      CURL_VERSION_SSL
LogInit:      CURL_VERSION_LIBZ
LogInit:      CURL_VERSION_IPV6
LogInit:      CURL_VERSION_ASYNCHDNS
LogInit:      CURL_VERSION_LARGEFILE
LogInit:      CURL_VERSION_IDN
LogInit:  CurlRequestOptions (configurable via config and command line):
LogInit:  - bVerifyPeer = true  - Libcurl will verify peer certificate
LogInit:  - bUseHttpProxy = false  - Libcurl will NOT use HTTP proxy
LogInit:  - bDontReuseConnections = false  - Libcurl will reuse connections
LogInit:  - MaxHostConnections = 16  - Libcurl will limit the number of connections to a host
LogInit:  - LocalHostAddr = Default
LogInit:  - BufferSize = 65536
LogInit: WinSock: version 1.1 (2.2), MaxSocks=32767, MaxUdp=65467
LogInit: Build: ++UE4+Release-4.21-CL-4753647
LogInit: Engine Version: 4.21.2-4753647+++UE4+Release-4.21
LogInit: Compatible Engine Version: 4.21.0-4541578+++UE4+Release-4.21
LogInit: Net CL: 4541578
LogInit: OS: Windows 10 (), CPU: Intel(R) Core(TM) i5-7200U CPU @ 2.50GHz, GPU: Intel(R) HD Graphics 620
LogInit: Compiled (64-bit): Jan 19 2019 02:07:31
LogInit: Compiled with Visual C++: 19.13.26129.00
LogInit: Build Configuration: Development
LogInit: Branch Name: ++UE4+Release-4.21
LogInit: Command Line: 
LogInit: Base Directory: C:/Program Files/Epic Games/UE_4.21/Engine/Binaries/Win64/
LogInit: Installed Engine Build: 1
LogDevObjectVersion: Number of dev versions registered: 22
LogDevObjectVersion:   Dev-Blueprints (B0D832E4-1F89-4F0D-ACCF-7EB736FD4AA2): 10
LogDevObjectVersion:   Dev-Build (E1C64328-A22C-4D53-A36C-8E866417BD8C): 0
LogDevObjectVersion:   Dev-Core (375EC13C-06E4-48FB-B500-84F0262A717E): 2
LogDevObjectVersion:   Dev-Editor (E4B068ED-F494-42E9-A231-DA0B2E46BB41): 26
LogDevObjectVersion:   Dev-Framework (CFFC743F-43B0-4480-9391-14DF171D2073): 34
LogDevObjectVersion:   Dev-Mobile (B02B49B5-BB20-44E9-A304-32B752E40360): 2
LogDevObjectVersion:   Dev-Networking (A4E4105C-59A1-49B5-A7C5-40C4547EDFEE): 0
LogDevObjectVersion:   Dev-Online (39C831C9-5AE6-47DC-9A44-9C173E1C8E7C): 0
LogDevObjectVersion:   Dev-Physics (78F01B33-EBEA-4F98-B9B4-84EACCB95AA2): 0
LogDevObjectVersion:   Dev-Platform (6631380F-2D4D-43E0-8009-CF276956A95A): 0
LogDevObjectVersion:   Dev-Rendering (12F88B9F-8875-4AFC-A67C-D90C383ABD29): 27
LogDevObjectVersion:   Dev-Sequencer (7B5AE74C-D270-4C10-A958-57980B212A5A): 9
LogDevObjectVersion:   Dev-VR (D7296918-1DD6-4BDD-9DE2-64A83CC13884): 2
LogDevObjectVersion:   Dev-LoadTimes (C2A15278-BFE7-4AFE-6C17-90FF531DF755): 1
LogDevObjectVersion:   Private-Geometry (6EACA3D4-40EC-4CC1-B786-8BED09428FC5): 3
LogDevObjectVersion:   Dev-AnimPhys (29E575DD-E0A3-4627-9D10-D276232CDCEA): 17
LogDevObjectVersion:   Dev-Anim (AF43A65D-7FD3-4947-9873-3E8ED9C1BB05): 2
LogDevObjectVersion:   Dev-ReflectionCapture (6B266CEC-1EC7-4B8F-A30B-E4D90942FC07): 1
LogDevObjectVersion:   Dev-Automation (0DF73D61-A23F-47EA-B727-89E90C41499A): 1
LogDevObjectVersion:   FortniteMain (601D1886-AC64-4F84-AA16-D3DE0DEAC7D6): 17
LogDevObjectVersion:   Dev-Enterprise (9DFFBCD6-494F-0158-E221-12823C92A888): 4
LogDevObjectVersion:   Dev-Niagara (F2AED0AC-9AFE-416F-8664-AA7FFA26D6FC): 1
LogStreaming: Display: Took  0.002s to delete old logs.
LogInit: Presizing for max 8388607 objects, including 0 objects not considered by GC, pre-allocating 0 bytes for permanent pool.
LogInit: Object subsystem initialized
LogConfig: Setting CVar [[con.DebugEarlyDefault:1]]
LogConfig: Setting CVar [[r.setres:1280x720]]
[2019.07.27-09.10.39:594][  0]LogConfig: Setting CVar [[r.VSync:0]]
[2019.07.27-09.10.39:594][  0]LogConfig: Setting CVar [[r.RHICmdBypass:0]]
[2019.07.27-09.10.39:594][  0]LogConfig: Applying CVar settings from Section [/Script/Engine.RendererSettings] File [C:/Users/prasanth/Desktop/UE4_Beginner/Saved/Config/Windows/Engine.ini]
[2019.07.27-09.10.39:594][  0]LogConfig: Setting CVar [[r.GPUCrashDebugging:0]]
[2019.07.27-09.10.39:595][  0]LogConfig: Applying CVar settings from Section [/Script/Engine.RendererOverrideSettings] File [C:/Users/prasanth/Desktop/UE4_Beginner/Saved/Config/Windows/Engine.ini]
[2019.07.27-09.10.39:595][  0]LogConfig: Applying CVar settings from Section [/Script/Engine.StreamingSettings] File [C:/Users/prasanth/Desktop/UE4_Beginner/Saved/Config/Windows/Engine.ini]
[2019.07.27-09.10.39:595][  0]LogConfig: Setting CVar [[s.MinBulkDataSizeForAsyncLoading:131072]]
[2019.07.27-09.10.39:595][  0]LogConfig: Setting CVar [[s.AsyncLoadingThreadEnabled:0]]
[2019.07.27-09.10.39:595][  0]LogConfig: Setting CVar [[s.EventDrivenLoaderEnabled:1]]
[2019.07.27-09.10.39:595][  0]LogConfig: Setting CVar [[s.WarnIfTimeLimitExceeded:0]]
[2019.07.27-09.10.39:595][  0]LogConfig: Setting CVar [[s.TimeLimitExceededMultiplier:1.5]]
[2019.07.27-09.10.39:595][  0]LogConfig: Setting CVar [[s.TimeLimitExceededMinTime:0.005]]
[2019.07.27-09.10.39:595][  0]LogConfig: Setting CVar [[s.UseBackgroundLevelStreaming:1]]
[2019.07.27-09.10.39:595][  0]LogConfig: Setting CVar [[s.PriorityAsyncLoadingExtraTime:15.0]]
[2019.07.27-09.10.39:595][  0]LogConfig: Setting CVar [[s.LevelStreamingActorsUpdateTimeLimit:5.0]]
[2019.07.27-09.10.39:595][  0]LogConfig: Setting CVar [[s.PriorityLevelStreamingActorsUpdateExtraTime:5.0]]
[2019.07.27-09.10.39:595][  0]LogConfig: Setting CVar [[s.LevelStreamingComponentsRegistrationGranularity:10]]
[2019.07.27-09.10.39:595][  0]LogConfig: Setting CVar [[s.UnregisterComponentsTimeLimit:1.0]]
[2019.07.27-09.10.39:595][  0]LogConfig: Setting CVar [[s.LevelStreamingComponentsUnregistrationGranularity:5]]
[2019.07.27-09.10.39:595][  0]LogConfig: Applying CVar settings from Section [/Script/Engine.GarbageCollectionSettings] File [C:/Users/prasanth/Desktop/UE4_Beginner/Saved/Config/Windows/Engine.ini]
[2019.07.27-09.10.39:595][  0]LogConfig: Setting CVar [[gc.MaxObjectsNotConsideredByGC:1]]
[2019.07.27-09.10.39:595][  0]LogConfig: Setting CVar [[gc.SizeOfPermanentObjectPool:0]]
[2019.07.27-09.10.39:596][  0]LogConfig: Setting CVar [[gc.FlushStreamingOnGC:0]]
[2019.07.27-09.10.39:596][  0]LogConfig: Setting CVar [[gc.NumRetriesBeforeForcingGC:10]]
[2019.07.27-09.10.39:596][  0]LogConfig: Setting CVar [[gc.AllowParallelGC:1]]
[2019.07.27-09.10.39:596][  0]LogConfig: Setting CVar [[gc.TimeBetweenPurgingPendingKillObjects:61.1]]
[2019.07.27-09.10.39:596][  0]LogConfig: Setting CVar [[gc.MaxObjectsInEditor:8388607]]
[2019.07.27-09.10.39:596][  0]LogConfig: Setting CVar [[gc.IncrementalBeginDestroyEnabled:1]]
[2019.07.27-09.10.39:596][  0]LogConfig: Setting CVar [[gc.CreateGCClusters:1]]
[2019.07.27-09.10.39:596][  0]LogConfig: Setting CVar [[gc.MergeGCClusters:0]]
[2019.07.27-09.10.39:596][  0]LogConfig: Setting CVar [[gc.MinGCClusterSize:5]]
[2019.07.27-09.10.39:596][  0]LogConfig: Setting CVar [[gc.ActorClusteringEnabled:0]]
[2019.07.27-09.10.39:596][  0]LogConfig: Setting CVar [[gc.BlueprintClusteringEnabled:0]]
[2019.07.27-09.10.39:596][  0]LogConfig: Setting CVar [[gc.UseDisregardForGCOnDedicatedServers:0]]
[2019.07.27-09.10.39:596][  0]LogConfig: Applying CVar settings from Section [/Script/Engine.NetworkSettings] File [C:/Users/prasanth/Desktop/UE4_Beginner/Saved/Config/Windows/Engine.ini]
[2019.07.27-09.10.39:596][  0]LogConfig: Applying CVar settings from Section [/Script/UnrealEd.CookerSettings] File [C:/Users/prasanth/Desktop/UE4_Beginner/Saved/Config/Windows/Engine.ini]
[2019.07.27-09.10.39:604][  0]LogConfig: Applying CVar settings from Section [ViewDistanceQuality@3] File [C:/Users/prasanth/Desktop/UE4_Beginner/Saved/Config/Windows/Scalability.ini]
[2019.07.27-09.10.39:604][  0]LogConfig: Setting CVar [[r.SkeletalMeshLODBias:0]]
[2019.07.27-09.10.39:604][  0]LogConfig: Setting CVar [[r.ViewDistanceScale:1.0]]
[2019.07.27-09.10.39:604][  0]LogConfig: Applying CVar settings from Section [AntiAliasingQuality@3] File [C:/Users/prasanth/Desktop/UE4_Beginner/Saved/Config/Windows/Scalability.ini]
[2019.07.27-09.10.39:604][  0]LogConfig: Setting CVar [[r.PostProcessAAQuality:4]]
[2019.07.27-09.10.39:604][  0]LogConfig: Applying CVar settings from Section [ShadowQuality@3] File [C:/Users/prasanth/Desktop/UE4_Beginner/Saved/Config/Windows/Scalability.ini]
[2019.07.27-09.10.39:604][  0]LogConfig: Setting CVar [[r.LightFunctionQuality:1]]
[2019.07.27-09.10.39:604][  0]LogConfig: Setting CVar [[r.ShadowQuality:5]]
[2019.07.27-09.10.39:604][  0]LogConfig: Setting CVar [[r.Shadow.CSM.MaxCascades:10]]
[2019.07.27-09.10.39:604][  0]LogConfig: Setting CVar [[r.Shadow.MaxResolution:2048]]
[2019.07.27-09.10.39:604][  0]LogConfig: Setting CVar [[r.Shadow.MaxCSMResolution:2048]]
[2019.07.27-09.10.39:604][  0]LogConfig: Setting CVar [[r.Shadow.RadiusThreshold:0.01]]
[2019.07.27-09.10.39:604][  0]LogConfig: Setting CVar [[r.Shadow.DistanceScale:1.0]]
[2019.07.27-09.10.39:604][  0]LogConfig: Setting CVar [[r.Shadow.CSM.TransitionScale:1.0]]
[2019.07.27-09.10.39:604][  0]LogConfig: Setting CVar [[r.Shadow.PreShadowResolutionFactor:1.0]]
[2019.07.27-09.10.39:604][  0]LogConfig: Setting CVar [[r.DistanceFieldShadowing:1]]
[2019.07.27-09.10.39:605][  0]LogConfig: Setting CVar [[r.DistanceFieldAO:1]]
[2019.07.27-09.10.39:605][  0]LogConfig: Setting CVar [[r.AOQuality:2]]
[2019.07.27-09.10.39:605][  0]LogConfig: Setting CVar [[r.VolumetricFog:1]]
[2019.07.27-09.10.39:605][  0]LogConfig: Setting CVar [[r.VolumetricFog.GridPixelSize:8]]
[2019.07.27-09.10.39:605][  0]LogConfig: Setting CVar [[r.VolumetricFog.GridSizeZ:128]]
[2019.07.27-09.10.39:605][  0]LogConfig: Setting CVar [[r.VolumetricFog.HistoryMissSupersampleCount:4]]
[2019.07.27-09.10.39:605][  0]LogConfig: Setting CVar [[r.LightMaxDrawDistanceScale:1]]
[2019.07.27-09.10.39:605][  0]LogConfig: Setting CVar [[r.CapsuleShadows:1]]
[2019.07.27-09.10.39:605][  0]LogConfig: Applying CVar settings from Section [PostProcessQuality@3] File [C:/Users/prasanth/Desktop/UE4_Beginner/Saved/Config/Windows/Scalability.ini]
[2019.07.27-09.10.39:605][  0]LogConfig: Setting CVar [[r.MotionBlurQuality:4]]
[2019.07.27-09.10.39:605][  0]LogConfig: Setting CVar [[r.AmbientOcclusionMipLevelFactor:0.4]]
[2019.07.27-09.10.39:605][  0]LogConfig: Setting CVar [[r.AmbientOcclusionMaxQuality:100]]
[2019.07.27-09.10.39:605][  0]LogConfig: Setting CVar [[r.AmbientOcclusionLevels:-1]]
[2019.07.27-09.10.39:605][  0]LogConfig: Setting CVar [[r.AmbientOcclusionRadiusScale:1.0]]
[2019.07.27-09.10.39:605][  0]LogConfig: Setting CVar [[r.DepthOfFieldQuality:2]]
[2019.07.27-09.10.39:605][  0]LogConfig: Setting CVar [[r.RenderTargetPoolMin:400]]
[2019.07.27-09.10.39:605][  0]LogConfig: Setting CVar [[r.LensFlareQuality:2]]
[2019.07.27-09.10.39:605][  0]LogConfig: Setting CVar [[r.SceneColorFringeQuality:1]]
[2019.07.27-09.10.39:605][  0]LogConfig: Setting CVar [[r.EyeAdaptationQuality:2]]
[2019.07.27-09.10.39:605][  0]LogConfig: Setting CVar [[r.BloomQuality:5]]
[2019.07.27-09.10.39:606][  0]LogConfig: Setting CVar [[r.FastBlurThreshold:100]]
[2019.07.27-09.10.39:606][  0]LogConfig: Setting CVar [[r.Upscale.Quality:3]]
[2019.07.27-09.10.39:606][  0]LogConfig: Setting CVar [[r.Tonemapper.GrainQuantization:1]]
[2019.07.27-09.10.39:606][  0]LogConfig: Setting CVar [[r.LightShaftQuality:1]]
[2019.07.27-09.10.39:606][  0]LogConfig: Setting CVar [[r.Filter.SizeScale:1]]
[2019.07.27-09.10.39:606][  0]LogConfig: Setting CVar [[r.Tonemapper.Quality:5]]
[2019.07.27-09.10.39:606][  0]LogConfig: Setting CVar [[r.DOF.Gather.AccumulatorQuality:1        ; higher gathering accumulator quality]]
[2019.07.27-09.10.39:606][  0]LogConfig: Setting CVar [[r.DOF.Gather.PostfilterMethod:1          ; Median3x3 postfilering method]]
[2019.07.27-09.10.39:606][  0]LogConfig: Setting CVar [[r.DOF.Gather.EnableBokehSettings:0       ; no bokeh simulation when gathering]]
[2019.07.27-09.10.39:606][  0]LogConfig: Setting CVar [[r.DOF.Gather.RingCount:4                 ; medium number of samples when gathering]]
[2019.07.27-09.10.39:606][  0]LogConfig: Setting CVar [[r.DOF.Scatter.ForegroundCompositing:1    ; additive foreground scattering]]
[2019.07.27-09.10.39:606][  0]LogConfig: Setting CVar [[r.DOF.Scatter.BackgroundCompositing:2    ; additive background scattering]]
[2019.07.27-09.10.39:606][  0]LogConfig: Setting CVar [[r.DOF.Scatter.EnableBokehSettings:1      ; bokeh simulation when scattering]]
[2019.07.27-09.10.39:606][  0]LogConfig: Setting CVar [[r.DOF.Scatter.MaxSpriteRatio:0.1         ; only a maximum of 10% of scattered bokeh]]
[2019.07.27-09.10.39:606][  0]LogConfig: Setting CVar [[r.DOF.Recombine.Quality:1                ; cheap slight out of focus]]
[2019.07.27-09.10.39:606][  0]LogConfig: Setting CVar [[r.DOF.Recombine.EnableBokehSettings:0    ; no bokeh simulation on slight out of focus]]
[2019.07.27-09.10.39:606][  0]LogConfig: Setting CVar [[r.DOF.TemporalAAQuality:1                ; more stable temporal accumulation]]
[2019.07.27-09.10.39:606][  0]LogConfig: Setting CVar [[r.DOF.Kernel.MaxForegroundRadius:0.025]]
[2019.07.27-09.10.39:606][  0]LogConfig: Setting CVar [[r.DOF.Kernel.MaxBackgroundRadius:0.025]]
[2019.07.27-09.10.39:606][  0]LogConfig: Applying CVar settings from Section [TextureQuality@3] File [C:/Users/prasanth/Desktop/UE4_Beginner/Saved/Config/Windows/Scalability.ini]
[2019.07.27-09.10.39:607][  0]LogConfig: Setting CVar [[r.Streaming.MipBias:0]]
[2019.07.27-09.10.39:607][  0]LogConfig: Setting CVar [[r.Streaming.AmortizeCPUToGPUCopy:0]]
[2019.07.27-09.10.39:607][  0]LogConfig: Setting CVar [[r.Streaming.MaxNumTexturesToStreamPerFrame:0]]
[2019.07.27-09.10.39:607][  0]LogConfig: Setting CVar [[r.Streaming.Boost:1]]
[2019.07.27-09.10.39:607][  0]LogConfig: Setting CVar [[r.MaxAnisotropy:8]]
[2019.07.27-09.10.39:607][  0]LogConfig: Setting CVar [[r.Streaming.LimitPoolSizeToVRAM:0]]
[2019.07.27-09.10.39:607][  0]LogConfig: Setting CVar [[r.Streaming.PoolSize:1000]]
[2019.07.27-09.10.39:607][  0]LogConfig: Setting CVar [[r.Streaming.MaxEffectiveScreenSize:0]]
[2019.07.27-09.10.39:607][  0]LogConfig: Applying CVar settings from Section [EffectsQuality@3] File [C:/Users/prasanth/Desktop/UE4_Beginner/Saved/Config/Windows/Scalability.ini]
[2019.07.27-09.10.39:607][  0]LogConfig: Setting CVar [[r.TranslucencyLightingVolumeDim:64]]
[2019.07.27-09.10.39:607][  0]LogConfig: Setting CVar [[r.RefractionQuality:2]]
[2019.07.27-09.10.39:607][  0]LogConfig: Setting CVar [[r.SSR.Quality:3]]
[2019.07.27-09.10.39:607][  0]LogConfig: Setting CVar [[r.SceneColorFormat:4]]
[2019.07.27-09.10.39:607][  0]LogConfig: Setting CVar [[r.DetailMode:2]]
[2019.07.27-09.10.39:607][  0]LogConfig: Setting CVar [[r.TranslucencyVolumeBlur:1]]
[2019.07.27-09.10.39:607][  0]LogConfig: Setting CVar [[r.MaterialQualityLevel:1 ; High quality]]
[2019.07.27-09.10.39:607][  0]LogConfig: Setting CVar [[r.SSS.Scale:1]]
[2019.07.27-09.10.39:607][  0]LogConfig: Setting CVar [[r.SSS.SampleSet:2]]
[2019.07.27-09.10.39:607][  0]LogConfig: Setting CVar [[r.SSS.Quality:1]]
[2019.07.27-09.10.39:608][  0]LogConfig: Setting CVar [[r.SSS.HalfRes:1]]
[2019.07.27-09.10.39:608][  0]LogConfig: Setting CVar [[r.EmitterSpawnRateScale:1.0]]
[2019.07.27-09.10.39:608][  0]LogConfig: Setting CVar [[r.ParticleLightQuality:2]]
[2019.07.27-09.10.39:608][  0]LogConfig: Applying CVar settings from Section [FoliageQuality@3] File [C:/Users/prasanth/Desktop/UE4_Beginner/Saved/Config/Windows/Scalability.ini]
[2019.07.27-09.10.39:608][  0]LogConfig: Setting CVar [[foliage.DensityScale:1.0]]
[2019.07.27-09.10.39:608][  0]LogConfig: Setting CVar [[grass.DensityScale:1.0]]
[2019.07.27-09.10.39:608][  0]LogInit: Selected Device Profile: [Windows]
[2019.07.27-09.10.39:608][  0]LogInit: Applying CVar settings loaded from the selected device profile: [Windows]
[2019.07.27-09.10.39:648][  0]LogHAL: Display: Platform has ~ 8 GB [8451756032 / 8589934592 / 8], which maps to Default [LargestMinGB=32, LargerMinGB=12, DefaultMinGB=8, SmallerMinGB=6, SmallestMinGB=0)
[2019.07.27-09.10.39:648][  0]LogConfig: Setting CVar [[r.Vulkan.UseRealUBs:1]]
[2019.07.27-09.10.39:648][  0]LogInit: Going up to parent DeviceProfile []
[2019.07.27-09.10.39:648][  0]LogConfig: Applying CVar settings from Section [ViewDistanceQuality@1] File [C:/Users/prasanth/Desktop/UE4_Beginner/Saved/Config/Windows/Scalability.ini]
[2019.07.27-09.10.39:648][  0]LogConfig: Setting CVar [[r.SkeletalMeshLODBias:1]]
[2019.07.27-09.10.39:648][  0]LogConfig: Setting CVar [[r.ViewDistanceScale:0.6]]
[2019.07.27-09.10.39:648][  0]LogConfig: Applying CVar settings from Section [AntiAliasingQuality@1] File [C:/Users/prasanth/Desktop/UE4_Beginner/Saved/Config/Windows/Scalability.ini]
[2019.07.27-09.10.39:648][  0]LogConfig: Setting CVar [[r.PostProcessAAQuality:2]]
[2019.07.27-09.10.39:648][  0]LogConfig: Applying CVar settings from Section [ShadowQuality@1] File [C:/Users/prasanth/Desktop/UE4_Beginner/Saved/Config/Windows/Scalability.ini]
[2019.07.27-09.10.39:648][  0]LogConfig: Setting CVar [[r.LightFunctionQuality:1]]
[2019.07.27-09.10.39:648][  0]LogConfig: Setting CVar [[r.ShadowQuality:3]]
[2019.07.27-09.10.39:648][  0]LogConfig: Setting CVar [[r.Shadow.CSM.MaxCascades:1]]
[2019.07.27-09.10.39:648][  0]LogConfig: Setting CVar [[r.Shadow.MaxResolution:1024]]
[2019.07.27-09.10.39:648][  0]LogConfig: Setting CVar [[r.Shadow.MaxCSMResolution:1024]]
[2019.07.27-09.10.39:648][  0]LogConfig: Setting CVar [[r.Shadow.RadiusThreshold:0.05]]
[2019.07.27-09.10.39:648][  0]LogConfig: Setting CVar [[r.Shadow.DistanceScale:0.7]]
[2019.07.27-09.10.39:649][  0]LogConfig: Setting CVar [[r.Shadow.CSM.TransitionScale:0.25]]
[2019.07.27-09.10.39:649][  0]LogConfig: Setting CVar [[r.Shadow.PreShadowResolutionFactor:0.5]]
[2019.07.27-09.10.39:649][  0]LogConfig: Setting CVar [[r.DistanceFieldShadowing:0]]
[2019.07.27-09.10.39:649][  0]LogConfig: Setting CVar [[r.DistanceFieldAO:0]]
[2019.07.27-09.10.39:649][  0]LogConfig: Setting CVar [[r.VolumetricFog:0]]
[2019.07.27-09.10.39:649][  0]LogConfig: Setting CVar [[r.LightMaxDrawDistanceScale:.5]]
[2019.07.27-09.10.39:649][  0]LogConfig: Setting CVar [[r.CapsuleShadows:1]]
[2019.07.27-09.10.39:649][  0]LogConfig: Applying CVar settings from Section [PostProcessQuality@1] File [C:/Users/prasanth/Desktop/UE4_Beginner/Saved/Config/Windows/Scalability.ini]
[2019.07.27-09.10.39:649][  0]LogConfig: Setting CVar [[r.MotionBlurQuality:3]]
[2019.07.27-09.10.39:649][  0]LogConfig: Setting CVar [[r.AmbientOcclusionMipLevelFactor:1.0]]
[2019.07.27-09.10.39:649][  0]LogConfig: Setting CVar [[r.AmbientOcclusionMaxQuality:60]]
[2019.07.27-09.10.39:649][  0]LogConfig: Setting CVar [[r.AmbientOcclusionLevels:-1]]
[2019.07.27-09.10.39:649][  0]LogConfig: Setting CVar [[r.AmbientOcclusionRadiusScale:1.5]]
[2019.07.27-09.10.39:649][  0]LogConfig: Setting CVar [[r.DepthOfFieldQuality:1]]
[2019.07.27-09.10.39:649][  0]LogConfig: Setting CVar [[r.RenderTargetPoolMin:350]]
[2019.07.27-09.10.39:649][  0]LogConfig: Setting CVar [[r.LensFlareQuality:0]]
[2019.07.27-09.10.39:649][  0]LogConfig: Setting CVar [[r.SceneColorFringeQuality:0]]
[2019.07.27-09.10.39:649][  0]LogConfig: Setting CVar [[r.EyeAdaptationQuality:0]]
[2019.07.27-09.10.39:649][  0]LogConfig: Setting CVar [[r.BloomQuality:4]]
[2019.07.27-09.10.39:649][  0]LogConfig: Setting CVar [[r.FastBlurThreshold:2]]
[2019.07.27-09.10.39:649][  0]LogConfig: Setting CVar [[r.Upscale.Quality:2]]
[2019.07.27-09.10.39:649][  0]LogConfig: Setting CVar [[r.Tonemapper.GrainQuantization:0]]
[2019.07.27-09.10.39:649][  0]LogConfig: Setting CVar [[r.LightShaftQuality:0]]
[2019.07.27-09.10.39:649][  0]LogConfig: Setting CVar [[r.Filter.SizeScale:0.7]]
[2019.07.27-09.10.39:649][  0]LogConfig: Setting CVar [[r.Tonemapper.Quality:2]]
[2019.07.27-09.10.39:649][  0]LogConfig: Setting CVar [[r.DOF.Gather.AccumulatorQuality:0        ; lower gathering accumulator quality]]
[2019.07.27-09.10.39:649][  0]LogConfig: Setting CVar [[r.DOF.Gather.PostfilterMethod:2          ; Max3x3 postfilering method]]
[2019.07.27-09.10.39:649][  0]LogConfig: Setting CVar [[r.DOF.Gather.EnableBokehSettings:0       ; no bokeh simulation when gathering]]
[2019.07.27-09.10.39:649][  0]LogConfig: Setting CVar [[r.DOF.Gather.RingCount:3                 ; low number of samples when gathering]]
[2019.07.27-09.10.39:649][  0]LogConfig: Setting CVar [[r.DOF.Scatter.ForegroundCompositing:0    ; no foreground scattering]]
[2019.07.27-09.10.39:649][  0]LogConfig: Setting CVar [[r.DOF.Scatter.BackgroundCompositing:0    ; no foreground scattering]]
[2019.07.27-09.10.39:649][  0]LogConfig: Setting CVar [[r.DOF.Recombine.Quality:0                ; no slight out of focus]]
[2019.07.27-09.10.39:649][  0]LogConfig: Setting CVar [[r.DOF.TemporalAAQuality:0                ; faster temporal accumulation]]
[2019.07.27-09.10.39:649][  0]LogConfig: Setting CVar [[r.DOF.Kernel.MaxForegroundRadius:0.006   ; required because low gathering and no scattering and not looking great at 1080p]]
[2019.07.27-09.10.39:649][  0]LogConfig: Setting CVar [[r.DOF.Kernel.MaxBackgroundRadius:0.006   ; required because low gathering and no scattering and not looking great at 1080p]]
[2019.07.27-09.10.39:649][  0]LogConfig: Applying CVar settings from Section [TextureQuality@1] File [C:/Users/prasanth/Desktop/UE4_Beginner/Saved/Config/Windows/Scalability.ini]
[2019.07.27-09.10.39:649][  0]LogConfig: Setting CVar [[r.Streaming.MipBias:1]]
[2019.07.27-09.10.39:649][  0]LogConfig: Setting CVar [[r.Streaming.AmortizeCPUToGPUCopy:0]]
[2019.07.27-09.10.39:649][  0]LogConfig: Setting CVar [[r.Streaming.MaxNumTexturesToStreamPerFrame:0]]
[2019.07.27-09.10.39:649][  0]LogConfig: Setting CVar [[r.Streaming.Boost:1]]
[2019.07.27-09.10.39:649][  0]LogConfig: Setting CVar [[r.MaxAnisotropy:2]]
[2019.07.27-09.10.39:649][  0]LogConfig: Setting CVar [[r.Streaming.LimitPoolSizeToVRAM:1]]
[2019.07.27-09.10.39:649][  0]LogConfig: Setting CVar [[r.Streaming.PoolSize:600]]
[2019.07.27-09.10.39:649][  0]LogConfig: Setting CVar [[r.Streaming.MaxEffectiveScreenSize:0]]
[2019.07.27-09.10.39:649][  0]LogConfig: Applying CVar settings from Section [EffectsQuality@2] File [C:/Users/prasanth/Desktop/UE4_Beginner/Saved/Config/Windows/Scalability.ini]
[2019.07.27-09.10.39:649][  0]LogConfig: Setting CVar [[r.TranslucencyLightingVolumeDim:48]]
[2019.07.27-09.10.39:649][  0]LogConfig: Setting CVar [[r.RefractionQuality:2]]
[2019.07.27-09.10.39:649][  0]LogConfig: Setting CVar [[r.SSR.Quality:2]]
[2019.07.27-09.10.39:649][  0]LogConfig: Setting CVar [[r.SceneColorFormat:3]]
[2019.07.27-09.10.39:650][  0]LogConfig: Setting CVar [[r.DetailMode:1]]
[2019.07.27-09.10.39:650][  0]LogConfig: Setting CVar [[r.TranslucencyVolumeBlur:1]]
[2019.07.27-09.10.39:650][  0]LogConfig: Setting CVar [[r.MaterialQualityLevel:1 ; High quality]]
[2019.07.27-09.10.39:650][  0]LogConfig: Setting CVar [[r.SSS.Scale:1]]
[2019.07.27-09.10.39:650][  0]LogConfig: Setting CVar [[r.SSS.SampleSet:1]]
[2019.07.27-09.10.39:650][  0]LogConfig: Setting CVar [[r.SSS.Quality:-1]]
[2019.07.27-09.10.39:650][  0]LogConfig: Setting CVar [[r.SSS.HalfRes:1]]
[2019.07.27-09.10.39:650][  0]LogConfig: Setting CVar [[r.EmitterSpawnRateScale:0.5]]
[2019.07.27-09.10.39:650][  0]LogConfig: Setting CVar [[r.ParticleLightQuality:1]]
[2019.07.27-09.10.39:650][  0]LogConfig: Applying CVar settings from Section [FoliageQuality@3] File [C:/Users/prasanth/Desktop/UE4_Beginner/Saved/Config/Windows/Scalability.ini]
[2019.07.27-09.10.39:650][  0]LogConfig: Setting CVar [[foliage.DensityScale:1.0]]
[2019.07.27-09.10.39:650][  0]LogConfig: Setting CVar [[grass.DensityScale:1.0]]
[2019.07.27-09.10.39:650][  0]LogConfig: Applying CVar settings from Section [Startup] File [../../../Engine/Config/ConsoleVariables.ini]
[2019.07.27-09.10.39:650][  0]LogConfig: Setting CVar [[net.UseAdaptiveNetUpdateFrequency:0]]
[2019.07.27-09.10.39:650][  0]LogConfig: Applying CVar settings from Section [ConsoleVariables] File [C:/Users/prasanth/Desktop/UE4_Beginner/Saved/Config/Windows/Engine.ini]
[2019.07.27-09.10.39:650][  0]LogInit: Computer: DESKTOP-6I3IUC9
[2019.07.27-09.10.39:650][  0]LogInit: User: prasanth
[2019.07.27-09.10.39:650][  0]LogInit: CPU Page size=4096, Cores=2
[2019.07.27-09.10.39:650][  0]LogInit: High frequency timer resolution =2.648436 MHz
[2019.07.27-09.10.39:651][  0]LogMemory: Memory total: Physical=7.9GB (8GB approx)
[2019.07.27-09.10.39:651][  0]LogMemory: Platform Memory Stats for Windows
[2019.07.27-09.10.39:651][  0]LogMemory: Process Physical Memory: 102.31 MB used, 102.31 MB peak
[2019.07.27-09.10.39:651][  0]LogMemory: Process Virtual Memory: 84.81 MB used, 84.81 MB peak
[2019.07.27-09.10.39:651][  0]LogMemory: Physical Memory: 3388.43 MB used,  4671.80 MB free, 8060.22 MB total
[2019.07.27-09.10.39:651][  0]LogMemory: Virtual Memory: 4628.91 MB used,  134213096.00 MB free, 134217728.00 MB total
[2019.07.27-09.10.39:670][  0]LogInit: Using OS detected language (en-US).
[2019.07.27-09.10.39:670][  0]LogInit: Using OS detected locale (en-US).
[2019.07.27-09.10.39:671][  0]LogTextLocalizationManager: No specific localization for 'en-US' exists, so the 'en' localization will be used.
[2019.07.27-09.10.40:084][  0]LogStreaming: Display: Took  0.414s to InitEngineTextLocalization.
[2019.07.27-09.10.40:084][  0]LogInit: Setting process to per monitor DPI aware
[2019.07.27-09.10.40:126][  0]LogSlate: New Slate User Created.  User Index 0, Is Virtual User: 0
[2019.07.27-09.10.40:126][  0]LogSlate: Slate User Registered.  User Index 0, Is Virtual User: 0
[2019.07.27-09.10.40:436][  0]LogHMD: Failed to initialize OpenVR with code 110
[2019.07.27-09.10.40:436][  0]LogD3D11RHI: D3D11 adapters:
[2019.07.27-09.10.40:527][  0]LogD3D11RHI:    0. 'NVIDIA GeForce 940MX' (Feature Level 11_0)
[2019.07.27-09.10.40:527][  0]LogD3D11RHI:       2019/0/4030 MB DedicatedVideo/DedicatedSystem/SharedSystem, Outputs:1, VendorId:0x10de
[2019.07.27-09.10.40:536][  0]LogD3D11RHI:    1. 'Intel(R) HD Graphics 620' (Feature Level 11_0)
[2019.07.27-09.10.40:536][  0]LogD3D11RHI:       128/0/4030 MB DedicatedVideo/DedicatedSystem/SharedSystem, Outputs:0, VendorId:0x8086
[2019.07.27-09.10.40:539][  0]LogD3D11RHI:    2. 'Microsoft Basic Render Driver' (Feature Level 11_0)
[2019.07.27-09.10.40:539][  0]LogD3D11RHI:       0/0/4030 MB DedicatedVideo/DedicatedSystem/SharedSystem, Outputs:0, VendorId:0x1414
[2019.07.27-09.10.40:539][  0]LogD3D11RHI: Chosen D3D11 Adapter: 0
[2019.07.27-09.10.40:572][  0]LogD3D11RHI: Creating new Direct3DDevice
[2019.07.27-09.10.40:573][  0]LogD3D11RHI:     GPU DeviceId: 0x179c (for the marketing name, search the web for "GPU Device Id")
[2019.07.27-09.10.40:573][  0]LogWindows: EnumDisplayDevices:
[2019.07.27-09.10.40:573][  0]LogWindows:    0. 'Intel(R) HD Graphics 620' (P:1 D:1)
[2019.07.27-09.10.40:573][  0]LogWindows:    1. 'Intel(R) HD Graphics 620' (P:0 D:0)
[2019.07.27-09.10.40:574][  0]LogWindows:    2. 'Intel(R) HD Graphics 620' (P:0 D:0)
[2019.07.27-09.10.40:574][  0]LogWindows: DebugString: PrimaryIsNotTheChoosenAdapter PrimaryIsNotTheChoosenAdapter PrimaryIsNotTheChoosenAdapter FoundDriverCount:0 
[2019.07.27-09.10.40:574][  0]LogD3D11RHI:     Adapter Name: NVIDIA GeForce 940MX
[2019.07.27-09.10.40:574][  0]LogD3D11RHI:   Driver Version: Unknown (internal:Unknown, unified:Unknown)
[2019.07.27-09.10.40:574][  0]LogD3D11RHI:      Driver Date: Unknown
[2019.07.27-09.10.40:574][  0]LogRHI: Texture pool is 1413 MB (70% of 2019 MB)
[2019.07.27-09.10.40:619][  0]LogD3D11RHI: Async texture creation enabled
[2019.07.27-09.10.40:638][  0]LogD3D11RHI: GPU Timing Frequency: 1000.000000 (Debug: 2 2)
[2019.07.27-09.10.41:000][  0]LogTemp: Display: Loaded TP AllDesktopTargetPlatform
[2019.07.27-09.10.41:018][  0]LogTemp: Display: Loaded TP MacClientTargetPlatform
[2019.07.27-09.10.41:036][  0]LogTemp: Display: Loaded TP MacNoEditorTargetPlatform
[2019.07.27-09.10.41:053][  0]LogTemp: Display: Loaded TP MacServerTargetPlatform
[2019.07.27-09.10.41:071][  0]LogTemp: Display: Loaded TP MacTargetPlatform
[2019.07.27-09.10.41:088][  0]LogTemp: Display: Loaded TP WindowsClientTargetPlatform
[2019.07.27-09.10.41:106][  0]LogTemp: Display: Loaded TP WindowsNoEditorTargetPlatform
[2019.07.27-09.10.41:123][  0]LogTemp: Display: Loaded TP WindowsServerTargetPlatform
[2019.07.27-09.10.41:131][  0]LogTemp: Display: Loaded TP WindowsTargetPlatform
[2019.07.27-09.10.41:220][  0]LogTemp: Display: Loaded TP AndroidTargetPlatform
[2019.07.27-09.10.41:221][  0]LogTemp: Display: Loaded TP AndroidTargetPlatform
[2019.07.27-09.10.41:221][  0]LogTemp: Display: Loaded TP AndroidTargetPlatform
[2019.07.27-09.10.41:221][  0]LogTemp: Display: Loaded TP AndroidTargetPlatform
[2019.07.27-09.10.41:221][  0]LogTemp: Display: Loaded TP AndroidTargetPlatform
[2019.07.27-09.10.41:221][  0]LogTemp: Display: Loaded TP AndroidTargetPlatform
[2019.07.27-09.10.41:221][  0]LogTemp: Display: Loaded TP AndroidTargetPlatform
[2019.07.27-09.10.41:221][  0]LogTemp: Display: Loaded TP AndroidTargetPlatform
[2019.07.27-09.10.41:221][  0]LogTemp: Display: Loaded TP AndroidTargetPlatform
[2019.07.27-09.10.41:221][  0]LogTemp: Display: Loaded TP AndroidTargetPlatform
[2019.07.27-09.10.41:221][  0]LogTemp: Display: Loaded TP AndroidTargetPlatform
[2019.07.27-09.10.41:221][  0]LogTemp: Display: Loaded TP AndroidTargetPlatform
[2019.07.27-09.10.41:221][  0]LogTemp: Display: Loaded TP AndroidTargetPlatform
[2019.07.27-09.10.41:221][  0]LogTemp: Display: Loaded TP AndroidTargetPlatform
[2019.07.27-09.10.41:221][  0]LogTemp: Display: Loaded TP AndroidTargetPlatform
[2019.07.27-09.10.41:221][  0]LogTemp: Display: Loaded TP AndroidTargetPlatform
[2019.07.27-09.10.41:221][  0]LogTemp: Display: Loaded TP AndroidTargetPlatform
[2019.07.27-09.10.41:221][  0]LogTemp: Display: Loaded TP AndroidTargetPlatform
[2019.07.27-09.10.41:222][  0]LogTemp: Display: Loaded TP HTML5TargetPlatform
[2019.07.27-09.10.41:286][  0]LogTemp: Display: Loaded TP IOSTargetPlatform
[2019.07.27-09.10.41:286][  0]LogTemp: Display: Loaded TP IOSTargetPlatform
[2019.07.27-09.10.41:315][  0]LogTemp: Display: Loaded TP TVOSTargetPlatform
[2019.07.27-09.10.41:315][  0]LogTemp: Display: Loaded TP TVOSTargetPlatform
[2019.07.27-09.10.41:330][  0]LogTemp: Display: Loaded TP LinuxClientTargetPlatform
[2019.07.27-09.10.41:343][  0]LogTemp: Display: Loaded TP LinuxNoEditorTargetPlatform
[2019.07.27-09.10.41:355][  0]LogTemp: Display: Loaded TP LinuxServerTargetPlatform
[2019.07.27-09.10.41:368][  0]LogTemp: Display: Loaded TP LinuxTargetPlatform
[2019.07.27-09.10.41:414][  0]LogTemp: Display: Loaded TP LuminTargetPlatform
[2019.07.27-09.10.41:414][  0]LogTemp: Display: Loaded TP LuminTargetPlatform
[2019.07.27-09.10.41:414][  0]LogTargetPlatformManager: Display: Building Assets For Windows
[2019.07.27-09.10.41:477][  0]LogShaderCompilers: Guid format shader working directory is -4 characters bigger than the processId version (../../../../../../Users/prasanth/Desktop/UE4_Beginner/Intermediate/Shaders/WorkingDirectory/9180/).
[2019.07.27-09.10.41:477][  0]LogShaderCompilers: Cleaned the shader compiler working directory 'C:/Users/prasanth/AppData/Local/Temp/UnrealShaderWorkingDir/A1A07DD54B063B7D43683BAC253B48AD/'.
[2019.07.27-09.10.41:479][  0]LogXGEController: Cannot use XGE Controller as Incredibuild is not installed on this machine.
[2019.07.27-09.10.41:479][  0]LogShaderCompilers: Cannot use XGE Shader Compiler as Incredibuild is not installed on this machine.
[2019.07.27-09.10.41:479][  0]LogShaderCompilers: Display: Using Local Shader Compiler.
[2019.07.27-09.10.42:073][  0]LogDerivedDataCache: Display: Max Cache Size: 512 MB
[2019.07.27-09.10.42:140][  0]LogDerivedDataCache: Loaded boot cache 0.07s 71MB C:/Users/prasanth/AppData/Local/UnrealEngine/4.21/DerivedDataCache/Boot.ddc.
[2019.07.27-09.10.42:140][  0]LogDerivedDataCache: Display: Loaded Boot cache: C:/Users/prasanth/AppData/Local/UnrealEngine/4.21/DerivedDataCache/Boot.ddc
[2019.07.27-09.10.42:140][  0]LogDerivedDataCache: FDerivedDataBackendGraph:  Pak pak cache file ../../../../../../Users/prasanth/Desktop/UE4_Beginner/DerivedDataCache/DDC.ddp not found, will not use a pak cache.
[2019.07.27-09.10.42:140][  0]LogDerivedDataCache: Unable to find inner node Pak for hierarchical cache Hierarchy.
[2019.07.27-09.10.42:140][  0]LogDerivedDataCache: FDerivedDataBackendGraph:  CompressedPak pak cache file ../../../../../../Users/prasanth/Desktop/UE4_Beginner/DerivedDataCache/Compressed.ddp not found, will not use a pak cache.
[2019.07.27-09.10.42:140][  0]LogDerivedDataCache: Unable to find inner node CompressedPak for hierarchical cache Hierarchy.
[2019.07.27-09.10.42:157][  0]LogDerivedDataCache: Display: Pak cache opened for reading ../../../Engine/DerivedDataCache/Compressed.ddp.
[2019.07.27-09.10.42:158][  0]LogDerivedDataCache: FDerivedDataBackendGraph:  EnterprisePak pak cache file ../../../Enterprise/DerivedDataCache/Compressed.ddp not found, will not use a pak cache.
[2019.07.27-09.10.42:158][  0]LogDerivedDataCache: Unable to find inner node EnterprisePak for hierarchical cache Hierarchy.
[2019.07.27-09.10.42:170][  0]LogDerivedDataCache: Using Local data cache path C:/Users/prasanth/AppData/Local/UnrealEngine/Common/DerivedDataCache: Writable
[2019.07.27-09.10.42:170][  0]LogDerivedDataCache: Shared data cache path not found in *engine.ini, will not use an Shared cache.
[2019.07.27-09.10.42:170][  0]LogDerivedDataCache: Unable to find inner node Shared for hierarchical cache Hierarchy.
[2019.07.27-09.10.42:195][  0]LogMaterial: Verifying Global Shaders for PCD3D_SM5
[2019.07.27-09.10.42:196][  0]LogSlate: Using FreeType 2.6.0
[2019.07.27-09.10.42:197][  0]LogSlate: SlateFontServices - WITH_FREETYPE: 1, WITH_HARFBUZZ: 1
[2019.07.27-09.10.42:286][  0]LogAssetRegistry: FAssetRegistry took 0.0336 seconds to start up
[2019.07.27-09.10.42:649][  0]LogInit: Selected Device Profile: [Windows]
[2019.07.27-09.10.42:825][  0]LogSimplygon: Simplygon DLL not present - disabling.
[2019.07.27-09.10.42:829][  0]LogMeshReduction: Using SimplygonSwarm for distributed automatic mesh merging
[2019.07.27-09.10.42:829][  0]LogMeshReduction: Using ProxyLODMeshReduction for automatic mesh merging
[2019.07.27-09.10.42:829][  0]LogMeshReduction: Using QuadricMeshReduction for automatic static mesh reduction
[2019.07.27-09.10.42:829][  0]LogMeshReduction: No automatic skeletal mesh reduction module available
[2019.07.27-09.10.42:845][  0]LogNetVersion: UE4_Beginner 1.0.0, NetCL: 4541578, EngineNetVer: 5, GameNetVer: 0 (Checksum: 2063559800)
[2019.07.27-09.10.43:478][  0]LogPackageLocalizationCache: Processed 11 localized package path(s) for 2 prioritized culture(s) in 0.116082 seconds
[2019.07.27-09.10.43:485][  0]LogUObjectArray: 39775 objects as part of root set at end of initial load.
[2019.07.27-09.10.43:485][  0]LogUObjectAllocator: 6914664 out of 0 bytes used by permanent object pool.
[2019.07.27-09.10.43:485][  0]LogUObjectArray: CloseDisregardForGC: 0/0 objects in disregard for GC pool
[2019.07.27-09.10.44:431][  0]LogTcpMessaging: Initializing TcpMessaging bridge
[2019.07.27-09.10.44:444][  0]LogUdpMessaging: Initializing bridge on interface 0.0.0.0:0 to multicast group 230.0.0.1:6666.
[2019.07.27-09.10.45:178][  0]SourceControl: Source control is disabled
[2019.07.27-09.10.45:178][  0]SourceControl: Source control is disabled
[2019.07.27-09.10.45:180][  0]SourceControl: Source control is disabled
[2019.07.27-09.10.45:181][  0]SourceControl: Source control is disabled
[2019.07.27-09.10.45:347][  0]LogAndroidPermission: UAndroidPermissionCallbackProxy::GetInstance
[2019.07.27-09.10.45:400][  0]LogOcInput: OculusInput pre-init called
[2019.07.27-09.10.45:562][  0]LogEngine: Initializing Engine...
[2019.07.27-09.10.45:563][  0]LogHMD: Failed to initialize OpenVR with code 110
[2019.07.27-09.10.45:564][  0]LogStats: UGameplayTagsManager::ConstructGameplayTagTree: ImportINI prefixes -  0.000 s
[2019.07.27-09.10.45:564][  0]LogStats: UGameplayTagsManager::ConstructGameplayTagTree: Construct from data asset -  0.000 s
[2019.07.27-09.10.45:564][  0]LogStats: UGameplayTagsManager::ConstructGameplayTagTree: ImportINI -  0.000 s
[2019.07.27-09.10.45:564][  0]LogStats: UGameplayTagsManager::ConstructGameplayTagTree: GameplayTagTreeChangedEvent.Broadcast -  0.000 s
[2019.07.27-09.10.45:816][  0]LogInit: Initializing FReadOnlyCVARCache
[2019.07.27-09.10.45:832][  0]LogAIModule: Creating AISystem for world Untitled
[2019.07.27-09.10.45:845][  0]LogInit: XAudio2 using 'Speakers (Realtek High Definition Audio)' : 2 channels at 48 kHz using 32 bits per sample (channel mask 0x3)
[2019.07.27-09.10.46:012][  0]LogInit: FAudioDevice initialized.
[2019.07.27-09.10.46:012][  0]LogNetVersion: Set ProjectVersion to 1.0.0.0. Version Checksum will be recalculated on next use.
[2019.07.27-09.10.46:176][  0]LogDerivedDataCache: Saved boot cache 0.16s 71MB C:/Users/prasanth/AppData/Local/UnrealEngine/4.21/DerivedDataCache/Boot.ddc.
[2019.07.27-09.10.46:183][  0]LogInit: Texture streaming: Enabled
[2019.07.27-09.10.46:204][  0]LogEngineSessionManager: EngineSessionManager initialized
[2019.07.27-09.10.46:217][  0]LogInit: Transaction tracking system initialized
[2019.07.27-09.10.46:246][  0]BlueprintLog: New page: Editor Load
[2019.07.27-09.10.46:346][  0]LocalizationService: Localization service is disabled
[2019.07.27-09.10.47:129][  0]LogFileCache: Scanning file cache for directory 'C:/Users/prasanth/Desktop/UE4_Beginner/Content/' took 0.02s
[2019.07.27-09.10.47:129][  0]LogCook: Display: Max memory allowance for cook 16384mb min free memory 0mb
[2019.07.27-09.10.47:129][  0]LogCook: Display: Mobile HDR setting 1
[2019.07.27-09.10.47:129][  0]LogGameplayTags: Display: UGameplayTagsManager::DoneAddingNativeTags. DelegateIsBound: 0
[2019.07.27-09.10.47:129][  0]LogStats: UGameplayTagsManager::ConstructGameplayTagTree: ImportINI prefixes -  0.000 s
[2019.07.27-09.10.47:129][  0]LogStats: UGameplayTagsManager::ConstructGameplayTagTree: Construct from data asset -  0.000 s
[2019.07.27-09.10.47:129][  0]LogStats: UGameplayTagsManager::ConstructGameplayTagTree: ImportINI -  0.000 s
[2019.07.27-09.10.47:129][  0]LogStats: UGameplayTagsManager::ConstructGameplayTagTree: GameplayTagTreeChangedEvent.Broadcast -  0.000 s
[2019.07.27-09.10.47:286][  0]SourceControl: Source control is disabled
[2019.07.27-09.10.47:286][  0]Cmd: MAP LOAD FILE="../../../../../../Users/prasanth/Desktop/UE4_Beginner/Content/FirstPersonBP/Maps/FirstPersonExampleMap.umap" TEMPLATE=0 SHOWPROGRESS=1 FEATURELEVEL=3
[2019.07.27-09.10.47:355][  0]LightingResults: New page: Lighting Build
[2019.07.27-09.10.47:358][  0]MapCheck: New page: Map Check
[2019.07.27-09.10.47:359][  0]LightingResults: New page: Lighting Build
[2019.07.27-09.10.50:868][  0]LogAIModule: Creating AISystem for world FirstPersonExampleMap
[2019.07.27-09.10.50:944][  0]LogEditorServer: Finished looking for orphan Actors (0.000 secs)
[2019.07.27-09.10.50:967][  0]Cmd: MAP CHECKDEP NOCLEARLOG
[2019.07.27-09.10.50:967][  0]MapCheck: Map check complete: 0 Error(s), 0 Warning(s), took 0.154ms to complete.
[2019.07.27-09.10.50:967][  0]LogFileHelpers: Loading map 'FirstPersonExampleMap' took 3.681
[2019.07.27-09.10.51:365][  0]LogSlate: Updating window title bar state: overlay mode, drag disabled, window buttons hidden, title bar hidden
[2019.07.27-09.10.51:376][  0]LogSlate: Updating window title bar state: overlay mode, drag disabled, window buttons hidden, title bar hidden
[2019.07.27-09.10.51:385][  0]LogSlate: Updating window title bar state: overlay mode, drag disabled, window buttons hidden, title bar hidden
[2019.07.27-09.10.51:394][  0]LogSlate: Updating window title bar state: overlay mode, drag disabled, window buttons hidden, title bar hidden
[2019.07.27-09.10.51:434][  0]LogCollectionManager: Loaded 0 collections in 0.002128 seconds
[2019.07.27-09.10.51:514][  0]LogFileCache: Scanning file cache for directory 'C:/Users/prasanth/Desktop/UE4_Beginner/Saved/Collections/' took 0.01s
[2019.07.27-09.10.51:514][  0]LogFileCache: Scanning file cache for directory 'C:/Users/prasanth/Desktop/UE4_Beginner/Content/Developers/prasanth/Collections/' took 0.00s
[2019.07.27-09.10.51:514][  0]LogFileCache: Scanning file cache for directory 'C:/Users/prasanth/Desktop/UE4_Beginner/Content/Collections/' took 0.00s
[2019.07.27-09.10.51:514][  0]LogCollectionManager: Rebuilt the GUID cache for 0 collections in 0.000000 seconds
[2019.07.27-09.10.51:524][  0]LogContentBrowser: Native class hierarchy populated in 0.0087 seconds. Added 2651 classes and 620 folders.
[2019.07.27-09.10.51:621][  0]LogContentBrowser: Native class hierarchy updated for 'WidgetCarousel' in 0.0003 seconds. Added 0 classes and 0 folders.
[2019.07.27-09.10.51:660][  0]LogPakFile: Registered encryption key '00000000000000000000000000000000': 0 pak files mounted, 0 remain pending
[2019.07.27-09.10.51:711][  0]LogPakFile: Registered encryption key '00000000000000000000000000000000': 0 pak files mounted, 0 remain pending
[2019.07.27-09.10.51:735][  0]LogPakFile: Registered encryption key '00000000000000000000000000000000': 0 pak files mounted, 0 remain pending
[2019.07.27-09.10.51:765][  0]LogPakFile: Registered encryption key '00000000000000000000000000000000': 0 pak files mounted, 0 remain pending
[2019.07.27-09.10.51:780][  0]LogPakFile: Registered encryption key '00000000000000000000000000000000': 0 pak files mounted, 0 remain pending
[2019.07.27-09.10.51:795][  0]LogPakFile: Registered encryption key '00000000000000000000000000000000': 0 pak files mounted, 0 remain pending
[2019.07.27-09.10.51:811][  0]LogPakFile: Registered encryption key '00000000000000000000000000000000': 0 pak files mounted, 0 remain pending
[2019.07.27-09.10.51:824][  0]LogPakFile: Registered encryption key '00000000000000000000000000000000': 0 pak files mounted, 0 remain pending
[2019.07.27-09.10.51:837][  0]LogPakFile: Registered encryption key '00000000000000000000000000000000': 0 pak files mounted, 0 remain pending
[2019.07.27-09.10.51:872][  0]LogPakFile: Registered encryption key '00000000000000000000000000000000': 0 pak files mounted, 0 remain pending
[2019.07.27-09.10.51:895][  0]LogPakFile: Registered encryption key '00000000000000000000000000000000': 0 pak files mounted, 0 remain pending
[2019.07.27-09.10.51:908][  0]LogPakFile: Registered encryption key '00000000000000000000000000000000': 0 pak files mounted, 0 remain pending
[2019.07.27-09.10.51:923][  0]LogPakFile: Registered encryption key '00000000000000000000000000000000': 0 pak files mounted, 0 remain pending
[2019.07.27-09.10.51:944][  0]LogPakFile: Registered encryption key '00000000000000000000000000000000': 0 pak files mounted, 0 remain pending
[2019.07.27-09.10.51:955][  0]LogPakFile: Registered encryption key '00000000000000000000000000000000': 0 pak files mounted, 0 remain pending
[2019.07.27-09.10.51:963][  0]LogPakFile: Registered encryption key '00000000000000000000000000000000': 0 pak files mounted, 0 remain pending
[2019.07.27-09.10.51:998][  0]LogPakFile: Registered encryption key '00000000000000000000000000000000': 0 pak files mounted, 0 remain pending
[2019.07.27-09.10.52:014][  0]LogPakFile: Registered encryption key '00000000000000000000000000000000': 0 pak files mounted, 0 remain pending
[2019.07.27-09.10.52:053][  0]LogPakFile: Registered encryption key '00000000000000000000000000000000': 0 pak files mounted, 0 remain pending
[2019.07.27-09.10.52:652][  0]LogPakFile: Registered encryption key '00000000000000000000000000000000': 0 pak files mounted, 0 remain pending
[2019.07.27-09.10.52:693][  0]LogPakFile: Registered encryption key '00000000000000000000000000000000': 0 pak files mounted, 0 remain pending
[2019.07.27-09.10.52:712][  0]LogPakFile: Registered encryption key '00000000000000000000000000000000': 0 pak files mounted, 0 remain pending
[2019.07.27-09.10.52:728][  0]LogPakFile: Registered encryption key '00000000000000000000000000000000': 0 pak files mounted, 0 remain pending
[2019.07.27-09.10.52:750][  0]LogPakFile: Registered encryption key '00000000000000000000000000000000': 0 pak files mounted, 0 remain pending
[2019.07.27-09.10.52:771][  0]LogPakFile: Registered encryption key '00000000000000000000000000000000': 0 pak files mounted, 0 remain pending
[2019.07.27-09.10.52:792][  0]LogPakFile: Registered encryption key '00000000000000000000000000000000': 0 pak files mounted, 0 remain pending
[2019.07.27-09.10.53:663][  0]LogContentBrowser: Native class hierarchy updated for 'AddContentDialog' in 0.0005 seconds. Added 0 classes and 0 folders.
[2019.07.27-09.10.53:715][  0]LogContentBrowser: Native class hierarchy updated for 'SceneOutliner' in 0.0003 seconds. Added 1 classes and 2 folders.
[2019.07.27-09.10.53:929][  0]LogSlate: Took 0.000257 seconds to synchronously load lazily loaded font '../../../Engine/Content/Slate/Fonts/Roboto-Regular.ttf' (155K)
[2019.07.27-09.10.53:932][  0]LogSlate: Took 0.000204 seconds to synchronously load lazily loaded font '../../../Engine/Content/Slate/Fonts/Roboto-Bold.ttf' (160K)
[2019.07.27-09.10.53:963][  0]LogSlate: Took 0.021707 seconds to synchronously load lazily loaded font '../../../Engine/Content/Editor/Slate/Fonts/FontAwesome.ttf' (139K)
[2019.07.27-09.10.54:233][  0]LogRenderer: Reallocating scene render targets to support 936x460 Format 9 NumSamples 1 (Frame:1).
[2019.07.27-09.10.54:615][  0]LogContentBrowser: Native class hierarchy updated for 'HierarchicalLODOutliner' in 0.0003 seconds. Added 0 classes and 0 folders.
[2019.07.27-09.10.54:616][  0]LogLoad: (Engine Initialization) Total time: 16.71 seconds
[2019.07.27-09.10.54:616][  0]LogLoad: (Engine Initialization) Total Blueprint compile time: 0.00 seconds
[2019.07.27-09.10.54:634][  0]LogWindowsTextInputMethodSystem: Display: IME system now deactivated.
[2019.07.27-09.10.54:702][  0]LogContentStreaming: Texture pool size now 600 MB
[2019.07.27-09.10.54:742][  0]LogSlate: Took 0.019578 seconds to synchronously load lazily loaded font '../../../Engine/Content/Slate/Fonts/Roboto-Light.ttf' (167K)
[2019.07.27-09.10.55:152][  4]LogAssetRegistry: Asset discovery search completed in 12.8890 seconds
[2019.07.27-09.10.55:155][  4]LogCollectionManager: Rebuilt the object cache for 0 collections in 0.000001 seconds (found 0 objects)
[2019.07.27-09.10.55:155][  4]LogCollectionManager: Fixed up redirectors for 0 collections in 0.000114 seconds (updated 0 objects)
[2019.07.27-09.11.02:825][451]LogSlate: FSceneViewport::OnFocusLost() reason 0
[2019.07.27-09.11.10:588][916]LogSlate: Took 0.000250 seconds to synchronously load lazily loaded font '../../../Engine/Content/Slate/Fonts/Roboto-Light.ttf' (167K)
[2019.07.27-09.11.15:148][916]LogAIModule: Creating AISystem for world Level_Chapter01
[2019.07.27-09.11.15:188][916]LogAssetEditorManager: Opening Asset editor for World /Game/Maps/Level_Chapter01.Level_Chapter01
[2019.07.27-09.11.15:245][916]Cmd: MAP LOAD FILE="../../../../../../Users/prasanth/Desktop/UE4_Beginner/Content/Maps/Level_Chapter01.umap" TEMPLATE=0 SHOWPROGRESS=1 FEATURELEVEL=3
[2019.07.27-09.11.15:245][916]LightingResults: New page: Lighting Build
[2019.07.27-09.11.15:246][916]LoadErrors: New page: Loading map: Level_Chapter01.umap
[2019.07.27-09.11.15:247][916]MapCheck: New page: Map Check
[2019.07.27-09.11.15:247][916]LightingResults: New page: Lighting Build
[2019.07.27-09.11.15:660][916]LogEditorServer: Finished looking for orphan Actors (0.000 secs)
[2019.07.27-09.11.15:709][916]Cmd: MAP CHECKDEP NOCLEARLOG
[2019.07.27-09.11.15:709][916]MapCheck: Map check complete: 0 Error(s), 0 Warning(s), took 0.184ms to complete.
[2019.07.27-09.11.15:710][916]LogFileHelpers: Loading map 'Level_Chapter01' took 0.465
[2019.07.27-09.11.50:287][ 93]LogEditorViewport: Clicking on Actor (LMB): InstancedFoliageActor (InstancedFoliageActor)
[2019.07.27-09.11.51:601][128]LogEditorViewport: Clicking on Actor (LMB): StaticMeshActor (Cabin)
[2019.07.27-09.11.54:667][211]LogSlate: FSceneViewport::OnFocusLost() reason 0
[2019.07.27-09.11.54:731][213]LogHttp: Warning: 0000019888AD5D00: request failed, libcurl error: 6 (Couldn't resolve host name)
[2019.07.27-09.11.54:731][213]LogHttp: Warning: 0000019888AD5D00: libcurl info message cache 0 (Could not resolve host: datarouter.ol.epicgames.com)
[2019.07.27-09.11.54:731][213]LogHttp: Warning: 0000019888AD5D00: libcurl info message cache 1 (Closing connection 0)
[2019.07.27-09.11.54:742][214]LogHttp: Warning: Retry exhausted on https://datarouter.ol.epicgames.com/datarouter/api/v1/public/data?SessionID=%7B91A5B3D2-429F-9434-2A6F-228C307BBED8%7D&AppID=UEEditor.Rocket.Release&AppVersion=4.21.2-4753647%2B%2B%2BUE4%2BRelease-4.21&UserID=d2d1d7174f5ef85b2265929e506bdcee%7Cbcc398e727eb444eb9b7a5c047855f48%7C0c27e088-a84d-4564-84f8-4ad4f17cd64d&AppEnvironment=datacollector-binary&UploadType=eteventstream
[2019.07.27-09.11.54:815][218]LogTemp: Repeating last play command: Simulate
[2019.07.27-09.11.54:832][218]LogBlueprintUserMessages: Early PlayInEditor Detection: Level '/Game/Maps/Level_Chapter01.Level_Chapter01:PersistentLevel' has LevelScriptBlueprint '/Game/Maps/Level_Chapter01.Level_Chapter01:PersistentLevel.Level_Chapter01' with GeneratedClass '/Game/Maps/Level_Chapter01.Level_Chapter01_C' with ClassGeneratedBy '/Game/Maps/Level_Chapter01.Level_Chapter01:PersistentLevel.Level_Chapter01'
[2019.07.27-09.11.54:832][218]LogPlayLevel: PlayLevel: No blueprints needed recompiling
[2019.07.27-09.11.54:832][218]PIE: New page: SIE session: Level_Chapter01 (Jul 27, 2019, 8:11:54 PM)
[2019.07.27-09.11.54:845][218]LogPlayLevel: Creating play world package: /Game/Maps/UEDPIE_0_Level_Chapter01
[2019.07.27-09.11.54:994][218]LogPlayLevel: PIE: StaticDuplicateObject took: (0.149041s)
[2019.07.27-09.11.54:995][218]LogAIModule: Creating AISystem for world Level_Chapter01
[2019.07.27-09.11.54:996][218]LogPlayLevel: PIE: World Init took: (0.001129s)
[2019.07.27-09.11.54:996][218]LogPlayLevel: PIE: Created PIE world by copying editor world from /Game/Maps/Level_Chapter01.Level_Chapter01 to /Game/Maps/UEDPIE_0_Level_Chapter01.Level_Chapter01 (0.150579s)
[2019.07.27-09.11.55:034][218]LogInit: XAudio2 using 'Speakers (Realtek High Definition Audio)' : 2 channels at 48 kHz using 32 bits per sample (channel mask 0x3)
[2019.07.27-09.11.55:052][218]LogInit: FAudioDevice initialized.
[2019.07.27-09.11.55:099][218]LogLoad: Game class is 'FirstPersonGameMode_C'
[2019.07.27-09.11.55:104][218]LogWorld: Bringing World /Game/Maps/UEDPIE_0_Level_Chapter01.Level_Chapter01 up for play (max tick rate 60) at 2019.07.27-14.41.55
[2019.07.27-09.11.55:104][218]LogWorld: Bringing up level for play took: 0.004201
[2019.07.27-09.11.55:136][218]LogContentBrowser: Native class hierarchy updated for 'MovieSceneCapture' in 0.0004 seconds. Added 20 classes and 0 folders.
[2019.07.27-09.11.55:136][218]PIE: Play in editor start time for /Game/Maps/UEDPIE_0_Level_Chapter01 0.04
[2019.07.27-09.11.55:215][218]LogBlueprintUserMessages: Late PlayInEditor Detection: Level '/Game/Maps/Level_Chapter01.Level_Chapter01:PersistentLevel' has LevelScriptBlueprint '/Game/Maps/Level_Chapter01.Level_Chapter01:PersistentLevel.Level_Chapter01' with GeneratedClass '/Game/Maps/Level_Chapter01.Level_Chapter01_C' with ClassGeneratedBy '/Game/Maps/Level_Chapter01.Level_Chapter01:PersistentLevel.Level_Chapter01'
[2019.07.27-09.12.41:236][114]LogBlueprintUserMessages: Early EndPlayMap Detection: Level '/Game/Maps/Level_Chapter01.Level_Chapter01:PersistentLevel' has LevelScriptBlueprint '/Game/Maps/Level_Chapter01.Level_Chapter01:PersistentLevel.Level_Chapter01' with GeneratedClass '/Game/Maps/Level_Chapter01.Level_Chapter01_C' with ClassGeneratedBy '/Game/Maps/Level_Chapter01.Level_Chapter01:PersistentLevel.Level_Chapter01'
[2019.07.27-09.12.41:236][114]LogSlate: Updating window title bar state: overlay mode, drag disabled, window buttons hidden, title bar hidden
[2019.07.27-09.12.41:300][114]LogPlayLevel: Display: Shutting down PIE online subsystems
[2019.07.27-09.12.41:300][114]LogBlueprintUserMessages: Late EndPlayMap Detection: Level '/Game/Maps/Level_Chapter01.Level_Chapter01:PersistentLevel' has LevelScriptBlueprint '/Game/Maps/Level_Chapter01.Level_Chapter01:PersistentLevel.Level_Chapter01' with GeneratedClass '/Game/Maps/Level_Chapter01.Level_Chapter01_C' with ClassGeneratedBy '/Game/Maps/Level_Chapter01.Level_Chapter01:PersistentLevel.Level_Chapter01'
[2019.07.27-09.12.41:342][114]LogSlate: Updating window title bar state: overlay mode, drag disabled, window buttons hidden, title bar hidden
[2019.07.27-09.12.41:410][115]LogPlayLevel: Display: Destroying online subsystem :Context_3
[2019.07.27-09.13.55:254][437]LogHttp: Warning: 00000198A1D22840: request failed, libcurl error: 6 (Couldn't resolve host name)
[2019.07.27-09.13.55:254][437]LogHttp: Warning: 00000198A1D22840: libcurl info message cache 0 (Could not resolve host: datarouter.ol.epicgames.com)
[2019.07.27-09.13.55:254][437]LogHttp: Warning: 00000198A1D22840: libcurl info message cache 1 (Closing connection 1)
[2019.07.27-09.13.55:590][438]LogHttp: Warning: Retry exhausted on https://datarouter.ol.epicgames.com/datarouter/api/v1/public/data?SessionID=%7B91A5B3D2-429F-9434-2A6F-228C307BBED8%7D&AppID=UEEditor.Rocket.Release&AppVersion=4.21.2-4753647%2B%2B%2BUE4%2BRelease-4.21&UserID=d2d1d7174f5ef85b2265929e506bdcee%7Cbcc398e727eb444eb9b7a5c047855f48%7C0c27e088-a84d-4564-84f8-4ad4f17cd64d&AppEnvironment=datacollector-binary&UploadType=eteventstream
[2019.07.27-09.15.56:141][798]LogHttp: Warning: 00000198A1D22840: request failed, libcurl error: 6 (Couldn't resolve host name)
[2019.07.27-09.15.56:141][798]LogHttp: Warning: 00000198A1D22840: libcurl info message cache 0 (Could not resolve host: datarouter.ol.epicgames.com)
[2019.07.27-09.15.56:141][798]LogHttp: Warning: 00000198A1D22840: libcurl info message cache 1 (Closing connection 2)
[2019.07.27-09.15.56:141][798]LogHttp: Warning: Retry exhausted on https://datarouter.ol.epicgames.com/datarouter/api/v1/public/data?SessionID=%7B91A5B3D2-429F-9434-2A6F-228C307BBED8%7D&AppID=UEEditor.Rocket.Release&AppVersion=4.21.2-4753647%2B%2B%2BUE4%2BRelease-4.21&UserID=d2d1d7174f5ef85b2265929e506bdcee%7Cbcc398e727eb444eb9b7a5c047855f48%7C0c27e088-a84d-4564-84f8-4ad4f17cd64d&AppEnvironment=datacollector-binary&UploadType=eteventstream
[2019.07.27-09.16.47:688][999]LogEditorViewport: Clicking on Actor (LMB): InstancedFoliageActor (InstancedFoliageActor)
[2019.07.27-09.16.52:004][120]LogEditorViewport: Clicking on Actor (LMB): Landscape (Landscape2)
[2019.07.27-09.16.59:411][379]LogSlate: FSceneViewport::OnFocusLost() reason 0
[2019.07.27-09.17.56:568][837]LogHttp: Warning: 00000198A1D6C400: request failed, libcurl error: 6 (Couldn't resolve host name)
[2019.07.27-09.17.56:568][837]LogHttp: Warning: 00000198A1D6C400: libcurl info message cache 0 (Could not resolve host: datarouter.ol.epicgames.com)
[2019.07.27-09.17.56:568][837]LogHttp: Warning: 00000198A1D6C400: libcurl info message cache 1 (Closing connection 3)
[2019.07.27-09.17.56:908][838]LogHttp: Warning: Retry exhausted on https://datarouter.ol.epicgames.com/datarouter/api/v1/public/data?SessionID=%7B91A5B3D2-429F-9434-2A6F-228C307BBED8%7D&AppID=UEEditor.Rocket.Release&AppVersion=4.21.2-4753647%2B%2B%2BUE4%2BRelease-4.21&UserID=d2d1d7174f5ef85b2265929e506bdcee%7Cbcc398e727eb444eb9b7a5c047855f48%7C0c27e088-a84d-4564-84f8-4ad4f17cd64d&AppEnvironment=datacollector-binary&UploadType=eteventstream
[2019.07.27-09.18.45:654][986]LogTemp: Repeating last play command: Simulate
[2019.07.27-09.18.45:676][986]LogBlueprintUserMessages: Early PlayInEditor Detection: Level '/Game/Maps/Level_Chapter01.Level_Chapter01:PersistentLevel' has LevelScriptBlueprint '/Game/Maps/Level_Chapter01.Level_Chapter01:PersistentLevel.Level_Chapter01' with GeneratedClass '/Game/Maps/Level_Chapter01.Level_Chapter01_C' with ClassGeneratedBy '/Game/Maps/Level_Chapter01.Level_Chapter01:PersistentLevel.Level_Chapter01'
[2019.07.27-09.18.45:676][986]LogPlayLevel: PlayLevel: No blueprints needed recompiling
[2019.07.27-09.18.45:676][986]PIE: New page: SIE session: Level_Chapter01 (Jul 27, 2019, 8:18:45 PM)
[2019.07.27-09.18.45:676][986]LogPlayLevel: Creating play world package: /Game/Maps/UEDPIE_0_Level_Chapter01
[2019.07.27-09.18.45:812][986]LogPlayLevel: PIE: StaticDuplicateObject took: (0.136226s)
[2019.07.27-09.18.45:813][986]LogAIModule: Creating AISystem for world Level_Chapter01
[2019.07.27-09.18.45:814][986]LogPlayLevel: PIE: World Init took: (0.001426s)
[2019.07.27-09.18.45:814][986]LogPlayLevel: PIE: Created PIE world by copying editor world from /Game/Maps/Level_Chapter01.Level_Chapter01 to /Game/Maps/UEDPIE_0_Level_Chapter01.Level_Chapter01 (0.137910s)
[2019.07.27-09.18.45:857][986]LogInit: XAudio2 using 'Speakers (Realtek High Definition Audio)' : 2 channels at 48 kHz using 32 bits per sample (channel mask 0x3)
[2019.07.27-09.18.45:881][986]LogInit: FAudioDevice initialized.
[2019.07.27-09.18.45:913][986]LogLoad: Game class is 'FirstPersonGameMode_C'
[2019.07.27-09.18.45:917][986]LogWorld: Bringing World /Game/Maps/UEDPIE_0_Level_Chapter01.Level_Chapter01 up for play (max tick rate 0) at 2019.07.27-14.48.45
[2019.07.27-09.18.45:917][986]LogWorld: Bringing up level for play took: 0.003953
[2019.07.27-09.18.45:930][986]PIE: Play in editor start time for /Game/Maps/UEDPIE_0_Level_Chapter01 0.834
[2019.07.27-09.18.45:933][986]LogBlueprintUserMessages: Late PlayInEditor Detection: Level '/Game/Maps/Level_Chapter01.Level_Chapter01:PersistentLevel' has LevelScriptBlueprint '/Game/Maps/Level_Chapter01.Level_Chapter01:PersistentLevel.Level_Chapter01' with GeneratedClass '/Game/Maps/Level_Chapter01.Level_Chapter01_C' with ClassGeneratedBy '/Game/Maps/Level_Chapter01.Level_Chapter01:PersistentLevel.Level_Chapter01'
[2019.07.27-09.18.55:325][472]LogBlueprintUserMessages: Early EndPlayMap Detection: Level '/Game/Maps/Level_Chapter01.Level_Chapter01:PersistentLevel' has LevelScriptBlueprint '/Game/Maps/Level_Chapter01.Level_Chapter01:PersistentLevel.Level_Chapter01' with GeneratedClass '/Game/Maps/Level_Chapter01.Level_Chapter01_C' with ClassGeneratedBy '/Game/Maps/Level_Chapter01.Level_Chapter01:PersistentLevel.Level_Chapter01'
[2019.07.27-09.18.55:325][472]LogSlate: Updating window title bar state: overlay mode, drag disabled, window buttons hidden, title bar hidden
[2019.07.27-09.18.55:385][472]LogPlayLevel: Display: Shutting down PIE online subsystems
[2019.07.27-09.18.55:385][472]LogBlueprintUserMessages: Late EndPlayMap Detection: Level '/Game/Maps/Level_Chapter01.Level_Chapter01:PersistentLevel' has LevelScriptBlueprint '/Game/Maps/Level_Chapter01.Level_Chapter01:PersistentLevel.Level_Chapter01' with GeneratedClass '/Game/Maps/Level_Chapter01.Level_Chapter01_C' with ClassGeneratedBy '/Game/Maps/Level_Chapter01.Level_Chapter01:PersistentLevel.Level_Chapter01'
[2019.07.27-09.18.55:411][472]LogSlate: Updating window title bar state: overlay mode, drag disabled, window buttons hidden, title bar hidden
[2019.07.27-09.18.55:462][473]LogPlayLevel: Display: Destroying online subsystem :Context_5
[2019.07.27-09.19.25:817][587]LogSlate: FSceneViewport::OnFocusLost() reason 0
[2019.07.27-09.19.51:268][810]LogSlate: FSceneViewport::OnFocusLost() reason 0
[2019.07.27-09.19.56:955][ 67]LogHttp: Warning: 00000198B976A0C0: request failed, libcurl error: 6 (Couldn't resolve host name)
[2019.07.27-09.19.56:955][ 67]LogHttp: Warning: 00000198B976A0C0: libcurl info message cache 0 (Could not resolve host: datarouter.ol.epicgames.com)
[2019.07.27-09.19.56:955][ 67]LogHttp: Warning: 00000198B976A0C0: libcurl info message cache 1 (Closing connection 4)
[2019.07.27-09.19.56:978][ 68]LogHttp: Warning: Retry exhausted on https://datarouter.ol.epicgames.com/datarouter/api/v1/public/data?SessionID=%7B91A5B3D2-429F-9434-2A6F-228C307BBED8%7D&AppID=UEEditor.Rocket.Release&AppVersion=4.21.2-4753647%2B%2B%2BUE4%2BRelease-4.21&UserID=d2d1d7174f5ef85b2265929e506bdcee%7Cbcc398e727eb444eb9b7a5c047855f48%7C0c27e088-a84d-4564-84f8-4ad4f17cd64d&AppEnvironment=datacollector-binary&UploadType=eteventstream
[2019.07.27-09.20.49:603][295]LogSlate: FSceneViewport::OnFocusLost() reason 0
[2019.07.27-09.21.21:707][886]LogSlate: FSceneViewport::OnFocusLost() reason 0
[2019.07.27-09.21.21:786][890]LogTemp: Repeating last play command: Simulate
[2019.07.27-09.21.21:810][890]LogBlueprintUserMessages: Early PlayInEditor Detection: Level '/Game/Maps/Level_Chapter01.Level_Chapter01:PersistentLevel' has LevelScriptBlueprint '/Game/Maps/Level_Chapter01.Level_Chapter01:PersistentLevel.Level_Chapter01' with GeneratedClass '/Game/Maps/Level_Chapter01.Level_Chapter01_C' with ClassGeneratedBy '/Game/Maps/Level_Chapter01.Level_Chapter01:PersistentLevel.Level_Chapter01'
[2019.07.27-09.21.21:810][890]LogPlayLevel: PlayLevel: No blueprints needed recompiling
[2019.07.27-09.21.21:811][890]PIE: New page: SIE session: Level_Chapter01 (Jul 27, 2019, 8:21:21 PM)
[2019.07.27-09.21.21:812][890]LogPlayLevel: Creating play world package: /Game/Maps/UEDPIE_0_Level_Chapter01
[2019.07.27-09.21.21:949][890]LogPlayLevel: PIE: StaticDuplicateObject took: (0.137409s)
[2019.07.27-09.21.21:951][890]LogAIModule: Creating AISystem for world Level_Chapter01
[2019.07.27-09.21.21:951][890]LogPlayLevel: PIE: World Init took: (0.001643s)
[2019.07.27-09.21.21:951][890]LogPlayLevel: PIE: Created PIE world by copying editor world from /Game/Maps/Level_Chapter01.Level_Chapter01 to /Game/Maps/UEDPIE_0_Level_Chapter01.Level_Chapter01 (0.139302s)
[2019.07.27-09.21.21:989][890]LogInit: XAudio2 using 'Speakers (Realtek High Definition Audio)' : 2 channels at 48 kHz using 32 bits per sample (channel mask 0x3)
[2019.07.27-09.21.22:008][890]LogInit: FAudioDevice initialized.
[2019.07.27-09.21.22:043][890]LogLoad: Game class is 'FirstPersonGameMode_C'
[2019.07.27-09.21.22:048][890]LogWorld: Bringing World /Game/Maps/UEDPIE_0_Level_Chapter01.Level_Chapter01 up for play (max tick rate 0) at 2019.07.27-14.51.22
[2019.07.27-09.21.22:048][890]LogWorld: Bringing up level for play took: 0.005114
[2019.07.27-09.21.22:061][890]PIE: Play in editor start time for /Game/Maps/UEDPIE_0_Level_Chapter01 0.965
[2019.07.27-09.21.22:064][890]LogBlueprintUserMessages: Late PlayInEditor Detection: Level '/Game/Maps/Level_Chapter01.Level_Chapter01:PersistentLevel' has LevelScriptBlueprint '/Game/Maps/Level_Chapter01.Level_Chapter01:PersistentLevel.Level_Chapter01' with GeneratedClass '/Game/Maps/Level_Chapter01.Level_Chapter01_C' with ClassGeneratedBy '/Game/Maps/Level_Chapter01.Level_Chapter01:PersistentLevel.Level_Chapter01'
[2019.07.27-09.21.54:128][702]LogBlueprintUserMessages: Early EndPlayMap Detection: Level '/Game/Maps/Level_Chapter01.Level_Chapter01:PersistentLevel' has LevelScriptBlueprint '/Game/Maps/Level_Chapter01.Level_Chapter01:PersistentLevel.Level_Chapter01' with GeneratedClass '/Game/Maps/Level_Chapter01.Level_Chapter01_C' with ClassGeneratedBy '/Game/Maps/Level_Chapter01.Level_Chapter01:PersistentLevel.Level_Chapter01'
[2019.07.27-09.21.54:129][702]LogSlate: Updating window title bar state: overlay mode, drag disabled, window buttons hidden, title bar hidden
[2019.07.27-09.21.54:180][702]LogPlayLevel: Display: Shutting down PIE online subsystems
[2019.07.27-09.21.54:180][702]LogBlueprintUserMessages: Late EndPlayMap Detection: Level '/Game/Maps/Level_Chapter01.Level_Chapter01:PersistentLevel' has LevelScriptBlueprint '/Game/Maps/Level_Chapter01.Level_Chapter01:PersistentLevel.Level_Chapter01' with GeneratedClass '/Game/Maps/Level_Chapter01.Level_Chapter01_C' with ClassGeneratedBy '/Game/Maps/Level_Chapter01.Level_Chapter01:PersistentLevel.Level_Chapter01'
[2019.07.27-09.21.54:208][702]LogSlate: Updating window title bar state: overlay mode, drag disabled, window buttons hidden, title bar hidden
[2019.07.27-09.21.54:254][703]LogPlayLevel: Display: Destroying online subsystem :Context_6
[2019.07.27-09.21.57:041][840]LogHttp: Warning: 0000019888AD5580: request failed, libcurl error: 6 (Couldn't resolve host name)
[2019.07.27-09.21.57:041][840]LogHttp: Warning: 0000019888AD5580: libcurl info message cache 0 (Could not resolve host: datarouter.ol.epicgames.com)
[2019.07.27-09.21.57:041][840]LogHttp: Warning: 0000019888AD5580: libcurl info message cache 1 (Closing connection 5)
[2019.07.27-09.21.57:041][840]LogHttp: Warning: Retry exhausted on https://datarouter.ol.epicgames.com/datarouter/api/v1/public/data?SessionID=%7B91A5B3D2-429F-9434-2A6F-228C307BBED8%7D&AppID=UEEditor.Rocket.Release&AppVersion=4.21.2-4753647%2B%2B%2BUE4%2BRelease-4.21&UserID=d2d1d7174f5ef85b2265929e506bdcee%7Cbcc398e727eb444eb9b7a5c047855f48%7C0c27e088-a84d-4564-84f8-4ad4f17cd64d&AppEnvironment=datacollector-binary&UploadType=eteventstream
[2019.07.27-09.22.04:079][201]LogSlate: FSceneViewport::OnFocusLost() reason 0
[2019.07.27-09.22.08:848][471]LogTemp: Repeating last play command: Simulate
[2019.07.27-09.22.08:876][471]LogBlueprintUserMessages: Early PlayInEditor Detection: Level '/Game/Maps/Level_Chapter01.Level_Chapter01:PersistentLevel' has LevelScriptBlueprint '/Game/Maps/Level_Chapter01.Level_Chapter01:PersistentLevel.Level_Chapter01' with GeneratedClass '/Game/Maps/Level_Chapter01.Level_Chapter01_C' with ClassGeneratedBy '/Game/Maps/Level_Chapter01.Level_Chapter01:PersistentLevel.Level_Chapter01'
[2019.07.27-09.22.08:876][471]LogPlayLevel: PlayLevel: No blueprints needed recompiling
[2019.07.27-09.22.08:876][471]PIE: New page: SIE session: Level_Chapter01 (Jul 27, 2019, 8:22:08 PM)
[2019.07.27-09.22.08:876][471]LogPlayLevel: Creating play world package: /Game/Maps/UEDPIE_0_Level_Chapter01
[2019.07.27-09.22.09:003][471]LogPlayLevel: PIE: StaticDuplicateObject took: (0.125911s)
[2019.07.27-09.22.09:004][471]LogAIModule: Creating AISystem for world Level_Chapter01
[2019.07.27-09.22.09:004][471]LogPlayLevel: PIE: World Init took: (0.001320s)
[2019.07.27-09.22.09:004][471]LogPlayLevel: PIE: Created PIE world by copying editor world from /Game/Maps/Level_Chapter01.Level_Chapter01 to /Game/Maps/UEDPIE_0_Level_Chapter01.Level_Chapter01 (0.127506s)
[2019.07.27-09.22.09:042][471]LogInit: XAudio2 using 'Speakers (Realtek High Definition Audio)' : 2 channels at 48 kHz using 32 bits per sample (channel mask 0x3)
[2019.07.27-09.22.09:059][471]LogInit: FAudioDevice initialized.
[2019.07.27-09.22.09:091][471]LogLoad: Game class is 'FirstPersonGameMode_C'
[2019.07.27-09.22.09:096][471]LogWorld: Bringing World /Game/Maps/UEDPIE_0_Level_Chapter01.Level_Chapter01 up for play (max tick rate 0) at 2019.07.27-14.52.09
[2019.07.27-09.22.09:096][471]LogWorld: Bringing up level for play took: 0.004677
[2019.07.27-09.22.09:109][471]PIE: Play in editor start time for /Game/Maps/UEDPIE_0_Level_Chapter01 0.013
[2019.07.27-09.22.09:112][471]LogBlueprintUserMessages: Late PlayInEditor Detection: Level '/Game/Maps/Level_Chapter01.Level_Chapter01:PersistentLevel' has LevelScriptBlueprint '/Game/Maps/Level_Chapter01.Level_Chapter01:PersistentLevel.Level_Chapter01' with GeneratedClass '/Game/Maps/Level_Chapter01.Level_Chapter01_C' with ClassGeneratedBy '/Game/Maps/Level_Chapter01.Level_Chapter01:PersistentLevel.Level_Chapter01'
[2019.07.27-09.22.26:815][561]LogBlueprintUserMessages: Early EndPlayMap Detection: Level '/Game/Maps/Level_Chapter01.Level_Chapter01:PersistentLevel' has LevelScriptBlueprint '/Game/Maps/Level_Chapter01.Level_Chapter01:PersistentLevel.Level_Chapter01' with GeneratedClass '/Game/Maps/Level_Chapter01.Level_Chapter01_C' with ClassGeneratedBy '/Game/Maps/Level_Chapter01.Level_Chapter01:PersistentLevel.Level_Chapter01'
[2019.07.27-09.22.26:816][561]LogSlate: Updating window title bar state: overlay mode, drag disabled, window buttons hidden, title bar hidden
[2019.07.27-09.22.26:869][561]LogPlayLevel: Display: Shutting down PIE online subsystems
[2019.07.27-09.22.26:869][561]LogBlueprintUserMessages: Late EndPlayMap Detection: Level '/Game/Maps/Level_Chapter01.Level_Chapter01:PersistentLevel' has LevelScriptBlueprint '/Game/Maps/Level_Chapter01.Level_Chapter01:PersistentLevel.Level_Chapter01' with GeneratedClass '/Game/Maps/Level_Chapter01.Level_Chapter01_C' with ClassGeneratedBy '/Game/Maps/Level_Chapter01.Level_Chapter01:PersistentLevel.Level_Chapter01'
[2019.07.27-09.22.26:896][561]LogSlate: Updating window title bar state: overlay mode, drag disabled, window buttons hidden, title bar hidden
[2019.07.27-09.22.26:954][562]LogPlayLevel: Display: Destroying online subsystem :Context_7
[2019.07.27-09.22.29:181][693]LogSlate: FSceneViewport::OnFocusLost() reason 0
[2019.07.27-09.23.10:082][807]LogSlate: FSceneViewport::OnFocusLost() reason 0
[2019.07.27-09.23.19:957][289]LogSlate: FSceneViewport::OnFocusLost() reason 0
[2019.07.27-09.23.20:059][294]LogTemp: Repeating last play command: Simulate
[2019.07.27-09.23.20:087][294]LogBlueprintUserMessages: Early PlayInEditor Detection: Level '/Game/Maps/Level_Chapter01.Level_Chapter01:PersistentLevel' has LevelScriptBlueprint '/Game/Maps/Level_Chapter01.Level_Chapter01:PersistentLevel.Level_Chapter01' with GeneratedClass '/Game/Maps/Level_Chapter01.Level_Chapter01_C' with ClassGeneratedBy '/Game/Maps/Level_Chapter01.Level_Chapter01:PersistentLevel.Level_Chapter01'
[2019.07.27-09.23.20:088][294]LogPlayLevel: PlayLevel: No blueprints needed recompiling
[2019.07.27-09.23.20:088][294]PIE: New page: SIE session: Level_Chapter01 (Jul 27, 2019, 8:23:20 PM)
[2019.07.27-09.23.20:088][294]LogPlayLevel: Creating play world package: /Game/Maps/UEDPIE_0_Level_Chapter01
[2019.07.27-09.23.20:218][294]LogPlayLevel: PIE: StaticDuplicateObject took: (0.130159s)
[2019.07.27-09.23.20:219][294]LogAIModule: Creating AISystem for world Level_Chapter01
[2019.07.27-09.23.20:219][294]LogPlayLevel: PIE: World Init took: (0.001124s)
[2019.07.27-09.23.20:219][294]LogPlayLevel: PIE: Created PIE world by copying editor world from /Game/Maps/Level_Chapter01.Level_Chapter01 to /Game/Maps/UEDPIE_0_Level_Chapter01.Level_Chapter01 (0.131495s)
[2019.07.27-09.23.20:260][294]LogInit: XAudio2 using 'Speakers (Realtek High Definition Audio)' : 2 channels at 48 kHz using 32 bits per sample (channel mask 0x3)
[2019.07.27-09.23.20:278][294]LogInit: FAudioDevice initialized.
[2019.07.27-09.23.20:310][294]LogLoad: Game class is 'FirstPersonGameMode_C'
[2019.07.27-09.23.20:315][294]LogWorld: Bringing World /Game/Maps/UEDPIE_0_Level_Chapter01.Level_Chapter01 up for play (max tick rate 0) at 2019.07.27-14.53.20
[2019.07.27-09.23.20:315][294]LogWorld: Bringing up level for play took: 0.004770
[2019.07.27-09.23.20:329][294]PIE: Play in editor start time for /Game/Maps/UEDPIE_0_Level_Chapter01 1.233
[2019.07.27-09.23.20:334][294]LogBlueprintUserMessages: Late PlayInEditor Detection: Level '/Game/Maps/Level_Chapter01.Level_Chapter01:PersistentLevel' has LevelScriptBlueprint '/Game/Maps/Level_Chapter01.Level_Chapter01:PersistentLevel.Level_Chapter01' with GeneratedClass '/Game/Maps/Level_Chapter01.Level_Chapter01_C' with ClassGeneratedBy '/Game/Maps/Level_Chapter01.Level_Chapter01:PersistentLevel.Level_Chapter01'
[2019.07.27-09.23.42:598][473]LogBlueprintUserMessages: Early EndPlayMap Detection: Level '/Game/Maps/Level_Chapter01.Level_Chapter01:PersistentLevel' has LevelScriptBlueprint '/Game/Maps/Level_Chapter01.Level_Chapter01:PersistentLevel.Level_Chapter01' with GeneratedClass '/Game/Maps/Level_Chapter01.Level_Chapter01_C' with ClassGeneratedBy '/Game/Maps/Level_Chapter01.Level_Chapter01:PersistentLevel.Level_Chapter01'
[2019.07.27-09.23.42:598][473]LogSlate: Updating window title bar state: overlay mode, drag disabled, window buttons hidden, title bar hidden
[2019.07.27-09.23.42:657][473]LogPlayLevel: Display: Shutting down PIE online subsystems
[2019.07.27-09.23.42:657][473]LogBlueprintUserMessages: Late EndPlayMap Detection: Level '/Game/Maps/Level_Chapter01.Level_Chapter01:PersistentLevel' has LevelScriptBlueprint '/Game/Maps/Level_Chapter01.Level_Chapter01:PersistentLevel.Level_Chapter01' with GeneratedClass '/Game/Maps/Level_Chapter01.Level_Chapter01_C' with ClassGeneratedBy '/Game/Maps/Level_Chapter01.Level_Chapter01:PersistentLevel.Level_Chapter01'
[2019.07.27-09.23.42:683][473]LogSlate: Updating window title bar state: overlay mode, drag disabled, window buttons hidden, title bar hidden
[2019.07.27-09.23.42:736][474]LogPlayLevel: Display: Destroying online subsystem :Context_8
[2019.07.27-09.23.44:691][571]LogSlate: FSceneViewport::OnFocusLost() reason 0
[2019.07.27-09.23.52:908][975]LogSlate: FSceneViewport::OnFocusLost() reason 0
[2019.07.27-09.23.57:105][179]LogHttp: Warning: 00000198A1BB7600: request failed, libcurl error: 6 (Couldn't resolve host name)
[2019.07.27-09.23.57:105][179]LogHttp: Warning: 00000198A1BB7600: libcurl info message cache 0 (Could not resolve host: datarouter.ol.epicgames.com)
[2019.07.27-09.23.57:105][179]LogHttp: Warning: 00000198A1BB7600: libcurl info message cache 1 (Closing connection 6)
[2019.07.27-09.23.57:115][180]LogHttp: Warning: Retry exhausted on https://datarouter.ol.epicgames.com/datarouter/api/v1/public/data?SessionID=%7B91A5B3D2-429F-9434-2A6F-228C307BBED8%7D&AppID=UEEditor.Rocket.Release&AppVersion=4.21.2-4753647%2B%2B%2BUE4%2BRelease-4.21&UserID=d2d1d7174f5ef85b2265929e506bdcee%7Cbcc398e727eb444eb9b7a5c047855f48%7C0c27e088-a84d-4564-84f8-4ad4f17cd64d&AppEnvironment=datacollector-binary&UploadType=eteventstream
[2019.07.27-09.24.00:513][349]LogSlate: FSceneViewport::OnFocusLost() reason 0
[2019.07.27-09.24.00:612][354]LogTemp: Repeating last play command: Simulate
[2019.07.27-09.24.00:637][354]LogBlueprintUserMessages: Early PlayInEditor Detection: Level '/Game/Maps/Level_Chapter01.Level_Chapter01:PersistentLevel' has LevelScriptBlueprint '/Game/Maps/Level_Chapter01.Level_Chapter01:PersistentLevel.Level_Chapter01' with GeneratedClass '/Game/Maps/Level_Chapter01.Level_Chapter01_C' with ClassGeneratedBy '/Game/Maps/Level_Chapter01.Level_Chapter01:PersistentLevel.Level_Chapter01'
[2019.07.27-09.24.00:638][354]LogPlayLevel: PlayLevel: No blueprints needed recompiling
[2019.07.27-09.24.00:638][354]PIE: New page: SIE session: Level_Chapter01 (Jul 27, 2019, 8:24:00 PM)
[2019.07.27-09.24.00:638][354]LogPlayLevel: Creating play world package: /Game/Maps/UEDPIE_0_Level_Chapter01
[2019.07.27-09.24.00:773][354]LogPlayLevel: PIE: StaticDuplicateObject took: (0.134744s)
[2019.07.27-09.24.00:773][354]LogAIModule: Creating AISystem for world Level_Chapter01
[2019.07.27-09.24.00:774][354]LogPlayLevel: PIE: World Init took: (0.001220s)
[2019.07.27-09.24.00:774][354]LogPlayLevel: PIE: Created PIE world by copying editor world from /Game/Maps/Level_Chapter01.Level_Chapter01 to /Game/Maps/UEDPIE_0_Level_Chapter01.Level_Chapter01 (0.136601s)
[2019.07.27-09.24.00:813][354]LogInit: XAudio2 using 'Speakers (Realtek High Definition Audio)' : 2 channels at 48 kHz using 32 bits per sample (channel mask 0x3)
[2019.07.27-09.24.00:833][354]LogInit: FAudioDevice initialized.
[2019.07.27-09.24.00:872][354]LogLoad: Game class is 'FirstPersonGameMode_C'
[2019.07.27-09.24.00:878][354]LogWorld: Bringing World /Game/Maps/UEDPIE_0_Level_Chapter01.Level_Chapter01 up for play (max tick rate 0) at 2019.07.27-14.54.00
[2019.07.27-09.24.00:878][354]LogWorld: Bringing up level for play took: 0.005289
[2019.07.27-09.24.00:891][354]PIE: Play in editor start time for /Game/Maps/UEDPIE_0_Level_Chapter01 -0.205
[2019.07.27-09.24.00:893][354]LogBlueprintUserMessages: Late PlayInEditor Detection: Level '/Game/Maps/Level_Chapter01.Level_Chapter01:PersistentLevel' has LevelScriptBlueprint '/Game/Maps/Level_Chapter01.Level_Chapter01:PersistentLevel.Level_Chapter01' with GeneratedClass '/Game/Maps/Level_Chapter01.Level_Chapter01_C' with ClassGeneratedBy '/Game/Maps/Level_Chapter01.Level_Chapter01:PersistentLevel.Level_Chapter01'
[2019.07.27-09.24.41:717][582]LogBlueprintUserMessages: Early EndPlayMap Detection: Level '/Game/Maps/Level_Chapter01.Level_Chapter01:PersistentLevel' has LevelScriptBlueprint '/Game/Maps/Level_Chapter01.Level_Chapter01:PersistentLevel.Level_Chapter01' with GeneratedClass '/Game/Maps/Level_Chapter01.Level_Chapter01_C' with ClassGeneratedBy '/Game/Maps/Level_Chapter01.Level_Chapter01:PersistentLevel.Level_Chapter01'
[2019.07.27-09.24.41:717][582]LogSlate: Updating window title bar state: overlay mode, drag disabled, window buttons hidden, title bar hidden
[2019.07.27-09.24.41:794][582]LogPlayLevel: Display: Shutting down PIE online subsystems
[2019.07.27-09.24.41:794][582]LogBlueprintUserMessages: Late EndPlayMap Detection: Level '/Game/Maps/Level_Chapter01.Level_Chapter01:PersistentLevel' has LevelScriptBlueprint '/Game/Maps/Level_Chapter01.Level_Chapter01:PersistentLevel.Level_Chapter01' with GeneratedClass '/Game/Maps/Level_Chapter01.Level_Chapter01_C' with ClassGeneratedBy '/Game/Maps/Level_Chapter01.Level_Chapter01:PersistentLevel.Level_Chapter01'
[2019.07.27-09.24.41:823][582]LogSlate: Updating window title bar state: overlay mode, drag disabled, window buttons hidden, title bar hidden
[2019.07.27-09.24.41:988][583]LogPlayLevel: Display: Destroying online subsystem :Context_9
[2019.07.27-09.24.43:678][654]LogSlate: FSceneViewport::OnFocusLost() reason 2
[2019.07.27-09.24.43:704][654]Cmd: OBJ SAVEPACKAGE PACKAGE="/Game/Maps/Level_Chapter01" FILE="../../../../../../Users/prasanth/Desktop/UE4_Beginner/Content/Maps/Level_Chapter01.umap" SILENT=true AUTOSAVING=false KEEPDIRTY=false
[2019.07.27-09.24.45:855][654]LogSavePackage: Moving '../../../../../../Users/prasanth/Desktop/UE4_Beginner/Saved/Level_Chapter0148659A6D4CD0B52E942BD5A964F9CDCF.tmp' to '../../../../../../Users/prasanth/Desktop/UE4_Beginner/Content/Maps/Level_Chapter01.umap'
[2019.07.27-09.24.45:929][654]Cmd: OBJ SAVEPACKAGE PACKAGE="/Game/Maps/Level_Chapter01_BuiltData" FILE="../../../../../../Users/prasanth/Desktop/UE4_Beginner/Content/Maps/Level_Chapter01_BuiltData.uasset" SILENT=true
[2019.07.27-09.24.45:982][654]LogSavePackage: Moving '../../../../../../Users/prasanth/Desktop/UE4_Beginner/Saved/Level_Chapter01_BuiltDataF924BD8246116A4C5E5CA080ECA755C7.tmp' to '../../../../../../Users/prasanth/Desktop/UE4_Beginner/Content/Maps/Level_Chapter01_BuiltData.uasset'
[2019.07.27-09.25.57:755][870]LogHttp: Warning: 00000198B976A200: request failed, libcurl error: 6 (Couldn't resolve host name)
[2019.07.27-09.25.57:755][870]LogHttp: Warning: 00000198B976A200: libcurl info message cache 0 (Could not resolve host: datarouter.ol.epicgames.com)
[2019.07.27-09.25.57:755][870]LogHttp: Warning: 00000198B976A200: libcurl info message cache 1 (Closing connection 7)
[2019.07.27-09.25.57:755][870]LogHttp: Warning: Retry exhausted on https://datarouter.ol.epicgames.com/datarouter/api/v1/public/data?SessionID=%7B91A5B3D2-429F-9434-2A6F-228C307BBED8%7D&AppID=UEEditor.Rocket.Release&AppVersion=4.21.2-4753647%2B%2B%2BUE4%2BRelease-4.21&UserID=d2d1d7174f5ef85b2265929e506bdcee%7Cbcc398e727eb444eb9b7a5c047855f48%7C0c27e088-a84d-4564-84f8-4ad4f17cd64d&AppEnvironment=datacollector-binary&UploadType=eteventstream
[2019.07.27-09.26.48:251][311]LogSlate: FSceneViewport::OnFocusLost() reason 0
[2019.07.27-09.26.54:325][562]LogAssetEditorManager: Opening Asset editor for MaterialInstanceConstant /Game/Materials/M_Grass_Inst.M_Grass_Inst
[2019.07.27-09.27.42:309][376]Cmd: TRANSACTION UNDO
[2019.07.27-09.27.42:310][376]LogEditorTransaction: Undo Edit SubSurface
[2019.07.27-09.27.54:849][911]LogSlate: FSceneViewport::OnFocusLost() reason 0
[2019.07.27-09.27.57:779][ 60]LogHttp: Warning: 00000198CE8A7C40: request failed, libcurl error: 6 (Couldn't resolve host name)
[2019.07.27-09.27.57:779][ 60]LogHttp: Warning: 00000198CE8A7C40: libcurl info message cache 0 (Could not resolve host: datarouter.ol.epicgames.com)
[2019.07.27-09.27.57:779][ 60]LogHttp: Warning: 00000198CE8A7C40: libcurl info message cache 1 (Closing connection 8)
[2019.07.27-09.27.57:779][ 60]LogHttp: Warning: Retry exhausted on https://datarouter.ol.epicgames.com/datarouter/api/v1/public/data?SessionID=%7B91A5B3D2-429F-9434-2A6F-228C307BBED8%7D&AppID=UEEditor.Rocket.Release&AppVersion=4.21.2-4753647%2B%2B%2BUE4%2BRelease-4.21&UserID=d2d1d7174f5ef85b2265929e506bdcee%7Cbcc398e727eb444eb9b7a5c047855f48%7C0c27e088-a84d-4564-84f8-4ad4f17cd64d&AppEnvironment=datacollector-binary&UploadType=eteventstream
[2019.07.27-09.28.22:837][229]LogTemp: Repeating last play command: Simulate
[2019.07.27-09.28.22:871][229]LogBlueprintUserMessages: Early PlayInEditor Detection: Level '/Game/Maps/Level_Chapter01.Level_Chapter01:PersistentLevel' has LevelScriptBlueprint '/Game/Maps/Level_Chapter01.Level_Chapter01:PersistentLevel.Level_Chapter01' with GeneratedClass '/Game/Maps/Level_Chapter01.Level_Chapter01_C' with ClassGeneratedBy '/Game/Maps/Level_Chapter01.Level_Chapter01:PersistentLevel.Level_Chapter01'
[2019.07.27-09.28.22:871][229]LogPlayLevel: PlayLevel: No blueprints needed recompiling
[2019.07.27-09.28.22:871][229]PIE: New page: SIE session: Level_Chapter01 (Jul 27, 2019, 8:28:22 PM)
[2019.07.27-09.28.22:872][229]LogPlayLevel: Creating play world package: /Game/Maps/UEDPIE_0_Level_Chapter01
[2019.07.27-09.28.23:013][229]LogPlayLevel: PIE: StaticDuplicateObject took: (0.141568s)
[2019.07.27-09.28.23:014][229]LogAIModule: Creating AISystem for world Level_Chapter01
[2019.07.27-09.28.23:015][229]LogPlayLevel: PIE: World Init took: (0.001981s)
[2019.07.27-09.28.23:015][229]LogPlayLevel: PIE: Created PIE world by copying editor world from /Game/Maps/Level_Chapter01.Level_Chapter01 to /Game/Maps/UEDPIE_0_Level_Chapter01.Level_Chapter01 (0.143937s)
[2019.07.27-09.28.23:053][229]LogInit: XAudio2 using 'Speakers (Realtek High Definition Audio)' : 2 channels at 48 kHz using 32 bits per sample (channel mask 0x3)
[2019.07.27-09.28.23:076][229]LogInit: FAudioDevice initialized.
[2019.07.27-09.28.23:108][229]LogLoad: Game class is 'FirstPersonGameMode_C'
[2019.07.27-09.28.23:113][229]LogWorld: Bringing World /Game/Maps/UEDPIE_0_Level_Chapter01.Level_Chapter01 up for play (max tick rate 0) at 2019.07.27-14.58.23
[2019.07.27-09.28.23:113][229]LogWorld: Bringing up level for play took: 0.004757
[2019.07.27-09.28.23:126][229]PIE: Play in editor start time for /Game/Maps/UEDPIE_0_Level_Chapter01 0.031
[2019.07.27-09.28.23:128][229]LogBlueprintUserMessages: Late PlayInEditor Detection: Level '/Game/Maps/Level_Chapter01.Level_Chapter01:PersistentLevel' has LevelScriptBlueprint '/Game/Maps/Level_Chapter01.Level_Chapter01:PersistentLevel.Level_Chapter01' with GeneratedClass '/Game/Maps/Level_Chapter01.Level_Chapter01_C' with ClassGeneratedBy '/Game/Maps/Level_Chapter01.Level_Chapter01:PersistentLevel.Level_Chapter01'
[2019.07.27-09.28.58:504][ 91]LogBlueprintUserMessages: Early EndPlayMap Detection: Level '/Game/Maps/Level_Chapter01.Level_Chapter01:PersistentLevel' has LevelScriptBlueprint '/Game/Maps/Level_Chapter01.Level_Chapter01:PersistentLevel.Level_Chapter01' with GeneratedClass '/Game/Maps/Level_Chapter01.Level_Chapter01_C' with ClassGeneratedBy '/Game/Maps/Level_Chapter01.Level_Chapter01:PersistentLevel.Level_Chapter01'
[2019.07.27-09.28.58:505][ 91]LogSlate: Updating window title bar state: overlay mode, drag disabled, window buttons hidden, title bar hidden
[2019.07.27-09.28.58:563][ 91]LogPlayLevel: Display: Shutting down PIE online subsystems
[2019.07.27-09.28.58:563][ 91]LogBlueprintUserMessages: Late EndPlayMap Detection: Level '/Game/Maps/Level_Chapter01.Level_Chapter01:PersistentLevel' has LevelScriptBlueprint '/Game/Maps/Level_Chapter01.Level_Chapter01:PersistentLevel.Level_Chapter01' with GeneratedClass '/Game/Maps/Level_Chapter01.Level_Chapter01_C' with ClassGeneratedBy '/Game/Maps/Level_Chapter01.Level_Chapter01:PersistentLevel.Level_Chapter01'
[2019.07.27-09.28.58:604][ 91]LogSlate: Updating window title bar state: overlay mode, drag disabled, window buttons hidden, title bar hidden
[2019.07.27-09.28.58:649][ 92]LogPlayLevel: Display: Destroying online subsystem :Context_11
[2019.07.27-09.29.06:245][419]LogSlate: FSceneViewport::OnFocusLost() reason 0
[2019.07.27-09.29.06:523][424]Cmd: OBJ SAVEPACKAGE PACKAGE="/Game/Materials/M_Grass_Inst" FILE="../../../../../../Users/prasanth/Desktop/UE4_Beginner/Content/Materials/M_Grass_Inst.uasset" SILENT=true
[2019.07.27-09.29.06:587][424]LogMaterial: Display: Missing cached shader map for material FDebugViewModeMaterialProxy M_Grass_Inst, compiling. 
[2019.07.27-09.29.07:255][424]LogShaderCompilers: Display: Shaders left to compile 1
[2019.07.27-09.29.07:259][424]TextureStreamingBuild: Display: Compiling optional shaders took 0.706 seconds.
[2019.07.27-09.29.07:452][424]LogSavePackage: Moving '../../../../../../Users/prasanth/Desktop/UE4_Beginner/Saved/M_Grass_InstAFC2DA30436E5A2524F920BC2DB553F3.tmp' to '../../../../../../Users/prasanth/Desktop/UE4_Beginner/Content/Materials/M_Grass_Inst.uasset'
[2019.07.27-09.29.10:372][557]LogSlate: FSceneViewport::OnFocusLost() reason 2
[2019.07.27-09.29.45:643][219]Cmd: TRANSACTION UNDO
[2019.07.27-09.29.45:643][219]LogEditorTransaction: Undo Edit Tint
[2019.07.27-09.29.50:057][425]LogSlate: Window 'Color Picker' being destroyed
[2019.07.27-09.29.51:369][483]Cmd: OBJ SAVEPACKAGE PACKAGE="/Game/Materials/M_Grass_Inst" FILE="../../../../../../Users/prasanth/Desktop/UE4_Beginner/Content/Materials/M_Grass_Inst.uasset" SILENT=true
[2019.07.27-09.29.51:405][483]LogMaterial: Display: Missing cached shader map for material FDebugViewModeMaterialProxy M_Grass_Inst, compiling. 
[2019.07.27-09.29.51:877][483]LogShaderCompilers: Display: Shaders left to compile 1
[2019.07.27-09.29.51:881][483]TextureStreamingBuild: Display: Compiling optional shaders took 0.484 seconds.
[2019.07.27-09.29.51:937][483]LogSavePackage: Moving '../../../../../../Users/prasanth/Desktop/UE4_Beginner/Saved/M_Grass_InstCFE781A94B851A69F582AAAD5098CEB8.tmp' to '../../../../../../Users/prasanth/Desktop/UE4_Beginner/Content/Materials/M_Grass_Inst.uasset'
[2019.07.27-09.29.53:230][542]LogSlate: FSceneViewport::OnFocusLost() reason 0
[2019.07.27-09.29.53:311][546]LogSlate: Window 'M_Grass_Inst' being destroyed
[2019.07.27-09.29.53:336][546]LogSlate: Window 'M_Grass_Inst' being destroyed
[2019.07.27-09.29.56:156][661]LogSlate: FSceneViewport::OnFocusLost() reason 2
[2019.07.27-09.29.57:824][738]LogHttp: Warning: 00000198A1BB6700: request failed, libcurl error: 6 (Couldn't resolve host name)
[2019.07.27-09.29.57:824][738]LogHttp: Warning: 00000198A1BB6700: libcurl info message cache 0 (Could not resolve host: datarouter.ol.epicgames.com)
[2019.07.27-09.29.57:824][738]LogHttp: Warning: 00000198A1BB6700: libcurl info message cache 1 (Closing connection 9)
[2019.07.27-09.29.57:824][738]LogHttp: Warning: Retry exhausted on https://datarouter.ol.epicgames.com/datarouter/api/v1/public/data?SessionID=%7B91A5B3D2-429F-9434-2A6F-228C307BBED8%7D&AppID=UEEditor.Rocket.Release&AppVersion=4.21.2-4753647%2B%2B%2BUE4%2BRelease-4.21&UserID=d2d1d7174f5ef85b2265929e506bdcee%7Cbcc398e727eb444eb9b7a5c047855f48%7C0c27e088-a84d-4564-84f8-4ad4f17cd64d&AppEnvironment=datacollector-binary&UploadType=eteventstream
[2019.07.27-09.31.58:345][144]LogHttp: Warning: 00000198A1BB6700: request failed, libcurl error: 6 (Couldn't resolve host name)
[2019.07.27-09.31.58:345][144]LogHttp: Warning: 00000198A1BB6700: libcurl info message cache 0 (Could not resolve host: datarouter.ol.epicgames.com)
[2019.07.27-09.31.58:345][144]LogHttp: Warning: 00000198A1BB6700: libcurl info message cache 1 (Closing connection 10)
[2019.07.27-09.31.58:345][144]LogHttp: Warning: Retry exhausted on https://datarouter.ol.epicgames.com/datarouter/api/v1/public/data?SessionID=%7B91A5B3D2-429F-9434-2A6F-228C307BBED8%7D&AppID=UEEditor.Rocket.Release&AppVersion=4.21.2-4753647%2B%2B%2BUE4%2BRelease-4.21&UserID=d2d1d7174f5ef85b2265929e506bdcee%7Cbcc398e727eb444eb9b7a5c047855f48%7C0c27e088-a84d-4564-84f8-4ad4f17cd64d&AppEnvironment=datacollector-binary&UploadType=eteventstream
[2019.07.27-09.33.01:926][364]LogSlate: FSceneViewport::OnFocusLost() reason 0
